{"D:\\Dev\\yndx-burger\\src\\main.tsx": {"path":"D:\\Dev\\yndx-burger\\src\\main.tsx","statementMap":{"0":{"start":{"line":27,"column":12},"end":{"line":98,"column":1}},"1":{"start":{"line":28,"column":19},"end":{"line":28,"column":32}},"2":{"start":{"line":29,"column":19},"end":{"line":29,"column":32}},"3":{"start":{"line":31,"column":21},"end":{"line":31,"column":64}},"4":{"start":{"line":32,"column":16},"end":{"line":32,"column":54}},"5":{"start":{"line":34,"column":19},"end":{"line":34,"column":32}},"6":{"start":{"line":35,"column":2},"end":{"line":38,"column":9}},"7":{"start":{"line":36,"column":4},"end":{"line":36,"column":33}},"8":{"start":{"line":37,"column":4},"end":{"line":37,"column":63}},"9":{"start":{"line":39,"column":27},"end":{"line":41,"column":3}},"10":{"start":{"line":40,"column":4},"end":{"line":40,"column":17}},"11":{"start":{"line":42,"column":2},"end":{"line":97,"column":4}},"12":{"start":{"line":100,"column":0},"end":{"line":108,"column":2}}},"fnMap":{"0":{"name":"(anonymous_0)","decl":{"start":{"line":27,"column":12},"end":{"line":27,"column":13}},"loc":{"start":{"line":27,"column":18},"end":{"line":98,"column":1}},"line":27},"1":{"name":"(anonymous_1)","decl":{"start":{"line":35,"column":12},"end":{"line":35,"column":13}},"loc":{"start":{"line":35,"column":18},"end":{"line":38,"column":3}},"line":35},"2":{"name":"(anonymous_2)","decl":{"start":{"line":39,"column":27},"end":{"line":39,"column":28}},"loc":{"start":{"line":39,"column":33},"end":{"line":41,"column":3}},"line":39}},"branchMap":{"0":{"loc":{"start":{"line":31,"column":21},"end":{"line":31,"column":64}},"type":"binary-expr","locations":[{"start":{"line":31,"column":21},"end":{"line":31,"column":35}},{"start":{"line":31,"column":39},"end":{"line":31,"column":64}}],"line":31},"1":{"loc":{"start":{"line":32,"column":16},"end":{"line":32,"column":54}},"type":"binary-expr","locations":[{"start":{"line":32,"column":16},"end":{"line":32,"column":30}},{"start":{"line":32,"column":34},"end":{"line":32,"column":54}}],"line":32},"2":{"loc":{"start":{"line":37,"column":4},"end":{"line":37,"column":62}},"type":"binary-expr","locations":[{"start":{"line":37,"column":4},"end":{"line":37,"column":39}},{"start":{"line":37,"column":43},"end":{"line":37,"column":62}}],"line":37},"3":{"loc":{"start":{"line":44,"column":24},"end":{"line":44,"column":46}},"type":"binary-expr","locations":[{"start":{"line":44,"column":24},"end":{"line":44,"column":34}},{"start":{"line":44,"column":38},"end":{"line":44,"column":46}}],"line":44},"4":{"loc":{"start":{"line":68,"column":7},"end":{"line":95,"column":7}},"type":"binary-expr","locations":[{"start":{"line":68,"column":7},"end":{"line":68,"column":17}},{"start":{"line":69,"column":8},"end":{"line":94,"column":17}}],"line":68},"5":{"loc":{"start":{"line":81,"column":28},"end":{"line":81,"column":69}},"type":"binary-expr","locations":[{"start":{"line":81,"column":29},"end":{"line":81,"column":34}},{"start":{"line":81,"column":38},"end":{"line":81,"column":49}},{"start":{"line":81,"column":54},"end":{"line":81,"column":69}}],"line":81},"6":{"loc":{"start":{"line":89,"column":28},"end":{"line":89,"column":69}},"type":"binary-expr","locations":[{"start":{"line":89,"column":29},"end":{"line":89,"column":34}},{"start":{"line":89,"column":38},"end":{"line":89,"column":49}},{"start":{"line":89,"column":54},"end":{"line":89,"column":69}}],"line":89}},"s":{"0":0,"1":0,"2":0,"3":0,"4":0,"5":0,"6":0,"7":0,"8":0,"9":0,"10":0,"11":0,"12":0},"f":{"0":0,"1":0,"2":0},"b":{"0":[0,0],"1":[0,0],"2":[0,0],"3":[0,0],"4":[0,0],"5":[0,0,0],"6":[0,0,0]}}
,"D:\\Dev\\yndx-burger\\src\\components\\protected-route.tsx": {"path":"D:\\Dev\\yndx-burger\\src\\components\\protected-route.tsx","statementMap":{"0":{"start":{"line":11,"column":45},"end":{"line":11,"column":79}},"1":{"start":{"line":11,"column":68},"end":{"line":11,"column":78}},"2":{"start":{"line":12,"column":19},"end":{"line":12,"column":32}},"3":{"start":{"line":13,"column":2},"end":{"line":13,"column":30}},"4":{"start":{"line":16,"column":2},"end":{"line":21,"column":6}},"5":{"start":{"line":17,"column":4},"end":{"line":21,"column":6}},"6":{"start":{"line":24,"column":2},"end":{"line":27,"column":3}},"7":{"start":{"line":25,"column":21},"end":{"line":25,"column":66}},"8":{"start":{"line":26,"column":4},"end":{"line":26,"column":34}},"9":{"start":{"line":30,"column":2},"end":{"line":32,"column":3}},"10":{"start":{"line":31,"column":4},"end":{"line":31,"column":63}},"11":{"start":{"line":35,"column":2},"end":{"line":35,"column":17}},"12":{"start":{"line":38,"column":28},"end":{"line":38,"column":114}},"13":{"start":{"line":38,"column":85},"end":{"line":38,"column":114}},"14":{"start":{"line":39,"column":26},"end":{"line":41,"column":1}},"15":{"start":{"line":40,"column":2},"end":{"line":40,"column":40}}},"fnMap":{"0":{"name":"ProtectedRoute","decl":{"start":{"line":10,"column":16},"end":{"line":10,"column":30}},"loc":{"start":{"line":10,"column":83},"end":{"line":36,"column":1}},"line":10},"1":{"name":"(anonymous_1)","decl":{"start":{"line":11,"column":57},"end":{"line":11,"column":58}},"loc":{"start":{"line":11,"column":68},"end":{"line":11,"column":78}},"line":11},"2":{"name":"(anonymous_2)","decl":{"start":{"line":38,"column":28},"end":{"line":38,"column":29}},"loc":{"start":{"line":38,"column":85},"end":{"line":38,"column":114}},"line":38},"3":{"name":"(anonymous_3)","decl":{"start":{"line":39,"column":26},"end":{"line":39,"column":27}},"loc":{"start":{"line":40,"column":2},"end":{"line":40,"column":40}},"line":40}},"branchMap":{"0":{"loc":{"start":{"line":10,"column":33},"end":{"line":10,"column":49}},"type":"default-arg","locations":[{"start":{"line":10,"column":44},"end":{"line":10,"column":49}}],"line":10},"1":{"loc":{"start":{"line":16,"column":2},"end":{"line":21,"column":6}},"type":"if","locations":[{"start":{"line":16,"column":2},"end":{"line":21,"column":6}},{"start":{},"end":{}}],"line":16},"2":{"loc":{"start":{"line":16,"column":6},"end":{"line":16,"column":74}},"type":"binary-expr","locations":[{"start":{"line":16,"column":7},"end":{"line":16,"column":21}},{"start":{"line":16,"column":25},"end":{"line":16,"column":34}},{"start":{"line":16,"column":39},"end":{"line":16,"column":74}}],"line":16},"3":{"loc":{"start":{"line":24,"column":2},"end":{"line":27,"column":3}},"type":"if","locations":[{"start":{"line":24,"column":2},"end":{"line":27,"column":3}},{"start":{},"end":{}}],"line":24},"4":{"loc":{"start":{"line":24,"column":6},"end":{"line":24,"column":22}},"type":"binary-expr","locations":[{"start":{"line":24,"column":6},"end":{"line":24,"column":14}},{"start":{"line":24,"column":18},"end":{"line":24,"column":22}}],"line":24},"5":{"loc":{"start":{"line":25,"column":21},"end":{"line":25,"column":66}},"type":"binary-expr","locations":[{"start":{"line":25,"column":21},"end":{"line":25,"column":35}},{"start":{"line":25,"column":39},"end":{"line":25,"column":66}}],"line":25},"6":{"loc":{"start":{"line":30,"column":2},"end":{"line":32,"column":3}},"type":"if","locations":[{"start":{"line":30,"column":2},"end":{"line":32,"column":3}},{"start":{},"end":{}}],"line":30},"7":{"loc":{"start":{"line":30,"column":6},"end":{"line":30,"column":24}},"type":"binary-expr","locations":[{"start":{"line":30,"column":6},"end":{"line":30,"column":15}},{"start":{"line":30,"column":19},"end":{"line":30,"column":24}}],"line":30}},"s":{"0":0,"1":0,"2":0,"3":0,"4":0,"5":0,"6":0,"7":0,"8":0,"9":0,"10":0,"11":0,"12":0,"13":0,"14":0,"15":0},"f":{"0":0,"1":0,"2":0,"3":0},"b":{"0":[0],"1":[0,0],"2":[0,0,0],"3":[0,0],"4":[0,0],"5":[0,0],"6":[0,0],"7":[0,0]}}
,"D:\\Dev\\yndx-burger\\src\\components\\burger-constructor\\bun.tsx": {"path":"D:\\Dev\\yndx-burger\\src\\components\\burger-constructor\\bun.tsx","statementMap":{"0":{"start":{"line":7,"column":12},"end":{"line":45,"column":1}},"1":{"start":{"line":8,"column":19},"end":{"line":8,"column":32}},"2":{"start":{"line":10,"column":24},"end":{"line":12,"column":3}},"3":{"start":{"line":11,"column":4},"end":{"line":11,"column":33}},"4":{"start":{"line":14,"column":34},"end":{"line":22,"column":4}},"5":{"start":{"line":17,"column":6},"end":{"line":17,"column":32}},"6":{"start":{"line":19,"column":27},"end":{"line":21,"column":5}},"7":{"start":{"line":24,"column":34},"end":{"line":24,"column":70}},"8":{"start":{"line":24,"column":57},"end":{"line":24,"column":69}},"9":{"start":{"line":25,"column":20},"end":{"line":25,"column":106}},"10":{"start":{"line":27,"column":2},"end":{"line":44,"column":4}}},"fnMap":{"0":{"name":"(anonymous_0)","decl":{"start":{"line":7,"column":12},"end":{"line":7,"column":13}},"loc":{"start":{"line":7,"column":61},"end":{"line":45,"column":1}},"line":7},"1":{"name":"(anonymous_1)","decl":{"start":{"line":10,"column":24},"end":{"line":10,"column":25}},"loc":{"start":{"line":10,"column":52},"end":{"line":12,"column":3}},"line":10},"2":{"name":"(anonymous_2)","decl":{"start":{"line":16,"column":4},"end":{"line":16,"column":5}},"loc":{"start":{"line":16,"column":33},"end":{"line":18,"column":5}},"line":16},"3":{"name":"(anonymous_3)","decl":{"start":{"line":19,"column":13},"end":{"line":19,"column":14}},"loc":{"start":{"line":19,"column":27},"end":{"line":21,"column":5}},"line":19},"4":{"name":"(anonymous_4)","decl":{"start":{"line":24,"column":46},"end":{"line":24,"column":47}},"loc":{"start":{"line":24,"column":57},"end":{"line":24,"column":69}},"line":24}},"branchMap":{"0":{"loc":{"start":{"line":7,"column":15},"end":{"line":7,"column":26}},"type":"default-arg","locations":[{"start":{"line":7,"column":21},"end":{"line":7,"column":26}}],"line":7},"1":{"loc":{"start":{"line":25,"column":20},"end":{"line":25,"column":106}},"type":"cond-expr","locations":[{"start":{"line":25,"column":72},"end":{"line":25,"column":100}},{"start":{"line":25,"column":104},"end":{"line":25,"column":106}}],"line":25},"2":{"loc":{"start":{"line":25,"column":20},"end":{"line":25,"column":68}},"type":"binary-expr","locations":[{"start":{"line":25,"column":20},"end":{"line":25,"column":34}},{"start":{"line":25,"column":38},"end":{"line":25,"column":68}}],"line":25},"3":{"loc":{"start":{"line":25,"column":72},"end":{"line":25,"column":100}},"type":"cond-expr","locations":[{"start":{"line":25,"column":81},"end":{"line":25,"column":91}},{"start":{"line":25,"column":94},"end":{"line":25,"column":100}}],"line":25},"4":{"loc":{"start":{"line":27,"column":9},"end":{"line":44,"column":3}},"type":"cond-expr","locations":[{"start":{"line":28,"column":4},"end":{"line":37,"column":10}},{"start":{"line":39,"column":4},"end":{"line":43,"column":10}}],"line":27},"5":{"loc":{"start":{"line":33,"column":26},"end":{"line":33,"column":62}},"type":"cond-expr","locations":[{"start":{"line":33,"column":42},"end":{"line":33,"column":51}},{"start":{"line":33,"column":54},"end":{"line":33,"column":62}}],"line":33}},"s":{"0":0,"1":0,"2":0,"3":0,"4":0,"5":0,"6":0,"7":0,"8":0,"9":0,"10":0},"f":{"0":0,"1":0,"2":0,"3":0,"4":0},"b":{"0":[0],"1":[0,0],"2":[0,0],"3":[0,0],"4":[0,0],"5":[0,0]}}
,"D:\\Dev\\yndx-burger\\src\\components\\burger-constructor\\burger-constructor.tsx": {"path":"D:\\Dev\\yndx-burger\\src\\components\\burger-constructor\\burger-constructor.tsx","statementMap":{"0":{"start":{"line":15,"column":19},"end":{"line":15,"column":53}},"1":{"start":{"line":15,"column":42},"end":{"line":15,"column":52}},"2":{"start":{"line":16,"column":39},"end":{"line":16,"column":75}},"3":{"start":{"line":16,"column":62},"end":{"line":16,"column":74}},"4":{"start":{"line":17,"column":36},"end":{"line":17,"column":71}},"5":{"start":{"line":17,"column":59},"end":{"line":17,"column":70}},"6":{"start":{"line":19,"column":19},"end":{"line":19,"column":32}},"7":{"start":{"line":20,"column":19},"end":{"line":20,"column":32}},"8":{"start":{"line":22,"column":19},"end":{"line":22,"column":42}},"9":{"start":{"line":23,"column":21},"end":{"line":26,"column":3}},"10":{"start":{"line":24,"column":10},"end":{"line":24,"column":77}},"11":{"start":{"line":24,"column":51},"end":{"line":24,"column":66}},"12":{"start":{"line":28,"column":22},"end":{"line":35,"column":32}},"13":{"start":{"line":29,"column":4},"end":{"line":32,"column":5}},"14":{"start":{"line":30,"column":6},"end":{"line":30,"column":44}},"15":{"start":{"line":31,"column":6},"end":{"line":31,"column":60}},"16":{"start":{"line":33,"column":4},"end":{"line":33,"column":100}},"17":{"start":{"line":33,"column":78},"end":{"line":33,"column":85}},"18":{"start":{"line":34,"column":4},"end":{"line":34,"column":37}},"19":{"start":{"line":37,"column":27},"end":{"line":40,"column":15}},"20":{"start":{"line":38,"column":4},"end":{"line":38,"column":27}},"21":{"start":{"line":39,"column":4},"end":{"line":39,"column":38}},"22":{"start":{"line":42,"column":2},"end":{"line":45,"column":33}},"23":{"start":{"line":43,"column":4},"end":{"line":43,"column":77}},"24":{"start":{"line":44,"column":4},"end":{"line":44,"column":53}},"25":{"start":{"line":47,"column":2},"end":{"line":71,"column":4}}},"fnMap":{"0":{"name":"BurgerConstructor","decl":{"start":{"line":14,"column":24},"end":{"line":14,"column":41}},"loc":{"start":{"line":14,"column":44},"end":{"line":72,"column":1}},"line":14},"1":{"name":"(anonymous_1)","decl":{"start":{"line":15,"column":31},"end":{"line":15,"column":32}},"loc":{"start":{"line":15,"column":42},"end":{"line":15,"column":52}},"line":15},"2":{"name":"(anonymous_2)","decl":{"start":{"line":16,"column":51},"end":{"line":16,"column":52}},"loc":{"start":{"line":16,"column":62},"end":{"line":16,"column":74}},"line":16},"3":{"name":"(anonymous_3)","decl":{"start":{"line":17,"column":48},"end":{"line":17,"column":49}},"loc":{"start":{"line":17,"column":59},"end":{"line":17,"column":70}},"line":17},"4":{"name":"(anonymous_4)","decl":{"start":{"line":24,"column":4},"end":{"line":24,"column":5}},"loc":{"start":{"line":24,"column":10},"end":{"line":24,"column":77}},"line":24},"5":{"name":"(anonymous_5)","decl":{"start":{"line":24,"column":37},"end":{"line":24,"column":38}},"loc":{"start":{"line":24,"column":51},"end":{"line":24,"column":66}},"line":24},"6":{"name":"(anonymous_6)","decl":{"start":{"line":28,"column":34},"end":{"line":28,"column":35}},"loc":{"start":{"line":28,"column":40},"end":{"line":35,"column":3}},"line":28},"7":{"name":"(anonymous_7)","decl":{"start":{"line":33,"column":69},"end":{"line":33,"column":70}},"loc":{"start":{"line":33,"column":78},"end":{"line":33,"column":85}},"line":33},"8":{"name":"(anonymous_8)","decl":{"start":{"line":37,"column":39},"end":{"line":37,"column":40}},"loc":{"start":{"line":37,"column":45},"end":{"line":40,"column":3}},"line":37},"9":{"name":"(anonymous_9)","decl":{"start":{"line":42,"column":12},"end":{"line":42,"column":13}},"loc":{"start":{"line":42,"column":18},"end":{"line":45,"column":3}},"line":42},"10":{"name":"(anonymous_10)","decl":{"start":{"line":66,"column":34},"end":{"line":66,"column":35}},"loc":{"start":{"line":66,"column":40},"end":{"line":66,"column":42}},"line":66}},"branchMap":{"0":{"loc":{"start":{"line":22,"column":19},"end":{"line":22,"column":42}},"type":"cond-expr","locations":[{"start":{"line":22,"column":25},"end":{"line":22,"column":38}},{"start":{"line":22,"column":41},"end":{"line":22,"column":42}}],"line":22},"1":{"loc":{"start":{"line":29,"column":4},"end":{"line":32,"column":5}},"type":"if","locations":[{"start":{"line":29,"column":4},"end":{"line":32,"column":5}},{"start":{},"end":{}}],"line":29},"2":{"loc":{"start":{"line":33,"column":4},"end":{"line":33,"column":99}},"type":"binary-expr","locations":[{"start":{"line":33,"column":4},"end":{"line":33,"column":7}},{"start":{"line":33,"column":11},"end":{"line":33,"column":99}}],"line":33},"3":{"loc":{"start":{"line":39,"column":4},"end":{"line":39,"column":37}},"type":"binary-expr","locations":[{"start":{"line":39,"column":4},"end":{"line":39,"column":10}},{"start":{"line":39,"column":14},"end":{"line":39,"column":37}}],"line":39},"4":{"loc":{"start":{"line":50,"column":70},"end":{"line":50,"column":90}},"type":"cond-expr","locations":[{"start":{"line":50,"column":83},"end":{"line":50,"column":84}},{"start":{"line":50,"column":87},"end":{"line":50,"column":90}}],"line":50},"5":{"loc":{"start":{"line":56,"column":20},"end":{"line":56,"column":66}},"type":"binary-expr","locations":[{"start":{"line":56,"column":20},"end":{"line":56,"column":27}},{"start":{"line":56,"column":31},"end":{"line":56,"column":35}},{"start":{"line":56,"column":39},"end":{"line":56,"column":66}}],"line":56},"6":{"loc":{"start":{"line":65,"column":7},"end":{"line":69,"column":7}},"type":"binary-expr","locations":[{"start":{"line":65,"column":8},"end":{"line":65,"column":15}},{"start":{"line":65,"column":19},"end":{"line":65,"column":31}},{"start":{"line":66,"column":8},"end":{"line":68,"column":16}}],"line":65},"7":{"loc":{"start":{"line":66,"column":24},"end":{"line":66,"column":61}},"type":"cond-expr","locations":[{"start":{"line":66,"column":34},"end":{"line":66,"column":42}},{"start":{"line":66,"column":45},"end":{"line":66,"column":61}}],"line":66}},"s":{"0":0,"1":0,"2":0,"3":0,"4":0,"5":0,"6":0,"7":0,"8":0,"9":0,"10":0,"11":0,"12":0,"13":0,"14":0,"15":0,"16":0,"17":0,"18":0,"19":0,"20":0,"21":0,"22":0,"23":0,"24":0,"25":0},"f":{"0":0,"1":0,"2":0,"3":0,"4":0,"5":0,"6":0,"7":0,"8":0,"9":0,"10":0},"b":{"0":[0,0],"1":[0,0],"2":[0,0],"3":[0,0],"4":[0,0],"5":[0,0,0],"6":[0,0,0],"7":[0,0]}}
,"D:\\Dev\\yndx-burger\\src\\components\\burger-constructor\\burger.tsx": {"path":"D:\\Dev\\yndx-burger\\src\\components\\burger-constructor\\burger.tsx","statementMap":{"0":{"start":{"line":12,"column":19},"end":{"line":12,"column":32}},"1":{"start":{"line":14,"column":36},"end":{"line":22,"column":4}},"2":{"start":{"line":17,"column":6},"end":{"line":17,"column":64}},"3":{"start":{"line":19,"column":27},"end":{"line":21,"column":5}},"4":{"start":{"line":23,"column":50},"end":{"line":23,"column":86}},"5":{"start":{"line":23,"column":73},"end":{"line":23,"column":85}},"6":{"start":{"line":25,"column":4},"end":{"line":25,"column":116}},"7":{"start":{"line":27,"column":2},"end":{"line":49,"column":4}},"8":{"start":{"line":37,"column":12},"end":{"line":37,"column":95}}},"fnMap":{"0":{"name":"Burger","decl":{"start":{"line":11,"column":24},"end":{"line":11,"column":30}},"loc":{"start":{"line":11,"column":33},"end":{"line":50,"column":1}},"line":11},"1":{"name":"(anonymous_1)","decl":{"start":{"line":16,"column":4},"end":{"line":16,"column":5}},"loc":{"start":{"line":16,"column":33},"end":{"line":18,"column":5}},"line":16},"2":{"name":"(anonymous_2)","decl":{"start":{"line":19,"column":13},"end":{"line":19,"column":14}},"loc":{"start":{"line":19,"column":27},"end":{"line":21,"column":5}},"line":19},"3":{"name":"(anonymous_3)","decl":{"start":{"line":23,"column":62},"end":{"line":23,"column":63}},"loc":{"start":{"line":23,"column":73},"end":{"line":23,"column":85}},"line":23},"4":{"name":"(anonymous_4)","decl":{"start":{"line":36,"column":34},"end":{"line":36,"column":35}},"loc":{"start":{"line":37,"column":12},"end":{"line":37,"column":95}},"line":37}},"branchMap":{"0":{"loc":{"start":{"line":17,"column":6},"end":{"line":17,"column":63}},"type":"binary-expr","locations":[{"start":{"line":17,"column":6},"end":{"line":17,"column":24}},{"start":{"line":17,"column":28},"end":{"line":17,"column":63}}],"line":17},"1":{"loc":{"start":{"line":25,"column":4},"end":{"line":25,"column":116}},"type":"cond-expr","locations":[{"start":{"line":25,"column":82},"end":{"line":25,"column":110}},{"start":{"line":25,"column":114},"end":{"line":25,"column":116}}],"line":25},"2":{"loc":{"start":{"line":25,"column":4},"end":{"line":25,"column":78}},"type":"binary-expr","locations":[{"start":{"line":25,"column":4},"end":{"line":25,"column":18}},{"start":{"line":25,"column":22},"end":{"line":25,"column":44}},{"start":{"line":25,"column":48},"end":{"line":25,"column":78}}],"line":25},"3":{"loc":{"start":{"line":25,"column":82},"end":{"line":25,"column":110}},"type":"cond-expr","locations":[{"start":{"line":25,"column":91},"end":{"line":25,"column":101}},{"start":{"line":25,"column":104},"end":{"line":25,"column":110}}],"line":25},"4":{"loc":{"start":{"line":35,"column":9},"end":{"line":45,"column":9}},"type":"cond-expr","locations":[{"start":{"line":36,"column":10},"end":{"line":38,"column":12}},{"start":{"line":40,"column":10},"end":{"line":44,"column":16}}],"line":35}},"s":{"0":0,"1":0,"2":0,"3":0,"4":0,"5":0,"6":0,"7":0,"8":0},"f":{"0":0,"1":0,"2":0,"3":0,"4":0},"b":{"0":[0,0],"1":[0,0],"2":[0,0,0],"3":[0,0],"4":[0,0]}}
,"D:\\Dev\\yndx-burger\\src\\components\\burger-ingredients\\ingredient-card\\ingredient-card.tsx": {"path":"D:\\Dev\\yndx-burger\\src\\components\\burger-ingredients\\ingredient-card\\ingredient-card.tsx","statementMap":{"0":{"start":{"line":15,"column":19},"end":{"line":15,"column":32}},"1":{"start":{"line":16,"column":19},"end":{"line":16,"column":32}},"2":{"start":{"line":18,"column":33},"end":{"line":24,"column":4}},"3":{"start":{"line":21,"column":27},"end":{"line":23,"column":5}},"4":{"start":{"line":25,"column":39},"end":{"line":25,"column":75}},"5":{"start":{"line":25,"column":62},"end":{"line":25,"column":74}},"6":{"start":{"line":27,"column":14},"end":{"line":33,"column":3}},"7":{"start":{"line":29,"column":6},"end":{"line":31,"column":80}},"8":{"start":{"line":31,"column":46},"end":{"line":31,"column":72}},"9":{"start":{"line":35,"column":23},"end":{"line":37,"column":3}},"10":{"start":{"line":36,"column":4},"end":{"line":36,"column":44}},"11":{"start":{"line":38,"column":26},"end":{"line":40,"column":3}},"12":{"start":{"line":39,"column":4},"end":{"line":39,"column":38}},"13":{"start":{"line":41,"column":2},"end":{"line":62,"column":4}}},"fnMap":{"0":{"name":"IngredientCard","decl":{"start":{"line":11,"column":24},"end":{"line":11,"column":38}},"loc":{"start":{"line":14,"column":64},"end":{"line":63,"column":1}},"line":14},"1":{"name":"(anonymous_1)","decl":{"start":{"line":21,"column":13},"end":{"line":21,"column":14}},"loc":{"start":{"line":21,"column":27},"end":{"line":23,"column":5}},"line":21},"2":{"name":"(anonymous_2)","decl":{"start":{"line":25,"column":51},"end":{"line":25,"column":52}},"loc":{"start":{"line":25,"column":62},"end":{"line":25,"column":74}},"line":25},"3":{"name":"(anonymous_3)","decl":{"start":{"line":28,"column":4},"end":{"line":28,"column":5}},"loc":{"start":{"line":29,"column":6},"end":{"line":31,"column":80}},"line":29},"4":{"name":"(anonymous_4)","decl":{"start":{"line":31,"column":37},"end":{"line":31,"column":38}},"loc":{"start":{"line":31,"column":46},"end":{"line":31,"column":72}},"line":31},"5":{"name":"(anonymous_5)","decl":{"start":{"line":35,"column":23},"end":{"line":35,"column":24}},"loc":{"start":{"line":35,"column":29},"end":{"line":37,"column":3}},"line":35},"6":{"name":"(anonymous_6)","decl":{"start":{"line":38,"column":26},"end":{"line":38,"column":27}},"loc":{"start":{"line":38,"column":32},"end":{"line":40,"column":3}},"line":38}},"branchMap":{"0":{"loc":{"start":{"line":19,"column":10},"end":{"line":19,"column":53}},"type":"cond-expr","locations":[{"start":{"line":19,"column":38},"end":{"line":19,"column":43}},{"start":{"line":19,"column":46},"end":{"line":19,"column":53}}],"line":19},"1":{"loc":{"start":{"line":22,"column":15},"end":{"line":22,"column":45}},"type":"cond-expr","locations":[{"start":{"line":22,"column":38},"end":{"line":22,"column":41}},{"start":{"line":22,"column":44},"end":{"line":22,"column":45}}],"line":22},"2":{"loc":{"start":{"line":29,"column":6},"end":{"line":31,"column":80}},"type":"cond-expr","locations":[{"start":{"line":30,"column":10},"end":{"line":30,"column":11}},{"start":{"line":31,"column":10},"end":{"line":31,"column":80}}],"line":29},"3":{"loc":{"start":{"line":29,"column":6},"end":{"line":29,"column":62}},"type":"binary-expr","locations":[{"start":{"line":29,"column":6},"end":{"line":29,"column":31}},{"start":{"line":29,"column":35},"end":{"line":29,"column":62}}],"line":29},"4":{"loc":{"start":{"line":53,"column":9},"end":{"line":53,"column":73}},"type":"binary-expr","locations":[{"start":{"line":53,"column":9},"end":{"line":53,"column":14}},{"start":{"line":53,"column":18},"end":{"line":53,"column":73}}],"line":53}},"s":{"0":0,"1":0,"2":0,"3":0,"4":0,"5":0,"6":0,"7":0,"8":0,"9":0,"10":0,"11":0,"12":0,"13":0},"f":{"0":0,"1":0,"2":0,"3":0,"4":0,"5":0,"6":0},"b":{"0":[0,0],"1":[0,0],"2":[0,0],"3":[0,0],"4":[0,0]}}
,"D:\\Dev\\yndx-burger\\src\\components\\modal\\ingridient-details.tsx": {"path":"D:\\Dev\\yndx-burger\\src\\components\\modal\\ingridient-details.tsx","statementMap":{"0":{"start":{"line":7,"column":19},"end":{"line":7,"column":32}},"1":{"start":{"line":8,"column":21},"end":{"line":8,"column":64}},"2":{"start":{"line":9,"column":17},"end":{"line":9,"column":28}},"3":{"start":{"line":10,"column":21},"end":{"line":10,"column":93}},"4":{"start":{"line":10,"column":44},"end":{"line":10,"column":92}},"5":{"start":{"line":10,"column":79},"end":{"line":10,"column":91}},"6":{"start":{"line":11,"column":2},"end":{"line":47,"column":4}}},"fnMap":{"0":{"name":"IngredientDetails","decl":{"start":{"line":6,"column":24},"end":{"line":6,"column":41}},"loc":{"start":{"line":6,"column":44},"end":{"line":48,"column":1}},"line":6},"1":{"name":"(anonymous_1)","decl":{"start":{"line":10,"column":33},"end":{"line":10,"column":34}},"loc":{"start":{"line":10,"column":44},"end":{"line":10,"column":92}},"line":10},"2":{"name":"(anonymous_2)","decl":{"start":{"line":10,"column":72},"end":{"line":10,"column":73}},"loc":{"start":{"line":10,"column":79},"end":{"line":10,"column":91}},"line":10}},"branchMap":{"0":{"loc":{"start":{"line":8,"column":21},"end":{"line":8,"column":64}},"type":"binary-expr","locations":[{"start":{"line":8,"column":21},"end":{"line":8,"column":35}},{"start":{"line":8,"column":39},"end":{"line":8,"column":64}}],"line":8},"1":{"loc":{"start":{"line":12,"column":4},"end":{"line":46,"column":5}},"type":"binary-expr","locations":[{"start":{"line":12,"column":4},"end":{"line":12,"column":14}},{"start":{"line":13,"column":6},"end":{"line":45,"column":12}}],"line":12},"2":{"loc":{"start":{"line":13,"column":22},"end":{"line":13,"column":63}},"type":"cond-expr","locations":[{"start":{"line":13,"column":36},"end":{"line":13,"column":47}},{"start":{"line":13,"column":50},"end":{"line":13,"column":63}}],"line":13},"3":{"loc":{"start":{"line":14,"column":9},"end":{"line":14,"column":83}},"type":"binary-expr","locations":[{"start":{"line":14,"column":9},"end":{"line":14,"column":20}},{"start":{"line":14,"column":24},"end":{"line":14,"column":83}}],"line":14}},"s":{"0":0,"1":0,"2":0,"3":0,"4":0,"5":0,"6":0},"f":{"0":0,"1":0,"2":0},"b":{"0":[0,0],"1":[0,0],"2":[0,0],"3":[0,0]}}
,"D:\\Dev\\yndx-burger\\src\\components\\modal\\modal-overlay.tsx": {"path":"D:\\Dev\\yndx-burger\\src\\components\\modal\\modal-overlay.tsx","statementMap":{"0":{"start":{"line":13,"column":20},"end":{"line":13,"column":63}},"1":{"start":{"line":13,"column":43},"end":{"line":13,"column":62}},"2":{"start":{"line":14,"column":2},"end":{"line":30,"column":4}},"3":{"start":{"line":16,"column":52},"end":{"line":16,"column":71}}},"fnMap":{"0":{"name":"ModalOverlay","decl":{"start":{"line":7,"column":24},"end":{"line":7,"column":36}},"loc":{"start":{"line":12,"column":55},"end":{"line":31,"column":1}},"line":12},"1":{"name":"(anonymous_1)","decl":{"start":{"line":13,"column":32},"end":{"line":13,"column":33}},"loc":{"start":{"line":13,"column":43},"end":{"line":13,"column":62}},"line":13},"2":{"name":"(anonymous_2)","decl":{"start":{"line":16,"column":45},"end":{"line":16,"column":46}},"loc":{"start":{"line":16,"column":52},"end":{"line":16,"column":71}},"line":16}},"branchMap":{"0":{"loc":{"start":{"line":18,"column":31},"end":{"line":18,"column":72}},"type":"cond-expr","locations":[{"start":{"line":18,"column":54},"end":{"line":18,"column":62}},{"start":{"line":18,"column":65},"end":{"line":18,"column":72}}],"line":18},"1":{"loc":{"start":{"line":19,"column":13},"end":{"line":19,"column":32}},"type":"cond-expr","locations":[{"start":{"line":19,"column":21},"end":{"line":19,"column":26}},{"start":{"line":19,"column":29},"end":{"line":19,"column":32}}],"line":19},"2":{"loc":{"start":{"line":21,"column":11},"end":{"line":25,"column":11}},"type":"binary-expr","locations":[{"start":{"line":21,"column":11},"end":{"line":21,"column":21}},{"start":{"line":22,"column":12},"end":{"line":24,"column":18}}],"line":21}},"s":{"0":0,"1":0,"2":0,"3":0},"f":{"0":0,"1":0,"2":0},"b":{"0":[0,0],"1":[0,0],"2":[0,0]}}
,"D:\\Dev\\yndx-burger\\src\\layout\\profile-layout\\profile-layout.tsx": {"path":"D:\\Dev\\yndx-burger\\src\\layout\\profile-layout\\profile-layout.tsx","statementMap":{"0":{"start":{"line":9,"column":19},"end":{"line":9,"column":32}},"1":{"start":{"line":10,"column":19},"end":{"line":10,"column":32}},"2":{"start":{"line":11,"column":23},"end":{"line":16,"column":3}},"3":{"start":{"line":12,"column":4},"end":{"line":15,"column":7}},"4":{"start":{"line":13,"column":6},"end":{"line":13,"column":45}},"5":{"start":{"line":14,"column":6},"end":{"line":14,"column":46}},"6":{"start":{"line":18,"column":2},"end":{"line":42,"column":4}}},"fnMap":{"0":{"name":"ProfileLayout","decl":{"start":{"line":8,"column":24},"end":{"line":8,"column":37}},"loc":{"start":{"line":8,"column":40},"end":{"line":43,"column":1}},"line":8},"1":{"name":"(anonymous_1)","decl":{"start":{"line":11,"column":23},"end":{"line":11,"column":24}},"loc":{"start":{"line":11,"column":29},"end":{"line":16,"column":3}},"line":11},"2":{"name":"(anonymous_2)","decl":{"start":{"line":12,"column":28},"end":{"line":12,"column":29}},"loc":{"start":{"line":12,"column":34},"end":{"line":15,"column":5}},"line":12}},"branchMap":{},"s":{"0":0,"1":0,"2":0,"3":0,"4":0,"5":0,"6":0},"f":{"0":0,"1":0,"2":0},"b":{}}
,"D:\\Dev\\yndx-burger\\src\\pages\\auth\\login.tsx": {"path":"D:\\Dev\\yndx-burger\\src\\pages\\auth\\login.tsx","statementMap":{"0":{"start":{"line":12,"column":31},"end":{"line":12,"column":67}},"1":{"start":{"line":13,"column":31},"end":{"line":13,"column":65}},"2":{"start":{"line":13,"column":54},"end":{"line":13,"column":64}},"3":{"start":{"line":14,"column":19},"end":{"line":14,"column":32}},"4":{"start":{"line":15,"column":19},"end":{"line":15,"column":32}},"5":{"start":{"line":17,"column":2},"end":{"line":19,"column":9}},"6":{"start":{"line":18,"column":4},"end":{"line":18,"column":27}},"7":{"start":{"line":21,"column":22},"end":{"line":29,"column":3}},"8":{"start":{"line":22,"column":4},"end":{"line":22,"column":23}},"9":{"start":{"line":23,"column":4},"end":{"line":28,"column":7}},"10":{"start":{"line":24,"column":6},"end":{"line":27,"column":7}},"11":{"start":{"line":25,"column":8},"end":{"line":25,"column":72}},"12":{"start":{"line":26,"column":8},"end":{"line":26,"column":74}},"13":{"start":{"line":30,"column":2},"end":{"line":81,"column":4}}},"fnMap":{"0":{"name":"Login","decl":{"start":{"line":11,"column":24},"end":{"line":11,"column":29}},"loc":{"start":{"line":11,"column":32},"end":{"line":82,"column":1}},"line":11},"1":{"name":"(anonymous_1)","decl":{"start":{"line":13,"column":43},"end":{"line":13,"column":44}},"loc":{"start":{"line":13,"column":54},"end":{"line":13,"column":64}},"line":13},"2":{"name":"(anonymous_2)","decl":{"start":{"line":17,"column":12},"end":{"line":17,"column":13}},"loc":{"start":{"line":17,"column":18},"end":{"line":19,"column":3}},"line":17},"3":{"name":"(anonymous_3)","decl":{"start":{"line":21,"column":22},"end":{"line":21,"column":23}},"loc":{"start":{"line":21,"column":69},"end":{"line":29,"column":3}},"line":21},"4":{"name":"(anonymous_4)","decl":{"start":{"line":23,"column":33},"end":{"line":23,"column":34}},"loc":{"start":{"line":23,"column":45},"end":{"line":28,"column":5}},"line":23}},"branchMap":{"0":{"loc":{"start":{"line":24,"column":6},"end":{"line":27,"column":7}},"type":"if","locations":[{"start":{"line":24,"column":6},"end":{"line":27,"column":7}},{"start":{},"end":{}}],"line":24},"1":{"loc":{"start":{"line":34,"column":11},"end":{"line":34,"column":106}},"type":"binary-expr","locations":[{"start":{"line":34,"column":11},"end":{"line":34,"column":32}},{"start":{"line":34,"column":36},"end":{"line":34,"column":106}}],"line":34},"2":{"loc":{"start":{"line":35,"column":11},"end":{"line":35,"column":77}},"type":"binary-expr","locations":[{"start":{"line":35,"column":11},"end":{"line":35,"column":16}},{"start":{"line":35,"column":20},"end":{"line":35,"column":77}}],"line":35},"3":{"loc":{"start":{"line":58,"column":13},"end":{"line":58,"column":49}},"type":"cond-expr","locations":[{"start":{"line":58,"column":25},"end":{"line":58,"column":39}},{"start":{"line":58,"column":42},"end":{"line":58,"column":49}}],"line":58}},"s":{"0":0,"1":0,"2":0,"3":0,"4":0,"5":0,"6":0,"7":0,"8":0,"9":0,"10":0,"11":0,"12":0,"13":0},"f":{"0":0,"1":0,"2":0,"3":0,"4":0},"b":{"0":[0,0],"1":[0,0],"2":[0,0],"3":[0,0]}}
,"D:\\Dev\\yndx-burger\\src\\pages\\auth\\register.tsx": {"path":"D:\\Dev\\yndx-burger\\src\\pages\\auth\\register.tsx","statementMap":{"0":{"start":{"line":10,"column":31},"end":{"line":10,"column":77}},"1":{"start":{"line":12,"column":20},"end":{"line":12,"column":64}},"2":{"start":{"line":12,"column":43},"end":{"line":12,"column":63}},"3":{"start":{"line":13,"column":19},"end":{"line":13,"column":32}},"4":{"start":{"line":14,"column":19},"end":{"line":14,"column":32}},"5":{"start":{"line":16,"column":25},"end":{"line":24,"column":3}},"6":{"start":{"line":17,"column":4},"end":{"line":17,"column":23}},"7":{"start":{"line":18,"column":4},"end":{"line":23,"column":7}},"8":{"start":{"line":19,"column":6},"end":{"line":22,"column":7}},"9":{"start":{"line":20,"column":8},"end":{"line":20,"column":72}},"10":{"start":{"line":21,"column":8},"end":{"line":21,"column":74}},"11":{"start":{"line":26,"column":2},"end":{"line":68,"column":4}}},"fnMap":{"0":{"name":"Register","decl":{"start":{"line":9,"column":24},"end":{"line":9,"column":32}},"loc":{"start":{"line":9,"column":35},"end":{"line":69,"column":1}},"line":9},"1":{"name":"(anonymous_1)","decl":{"start":{"line":12,"column":32},"end":{"line":12,"column":33}},"loc":{"start":{"line":12,"column":43},"end":{"line":12,"column":63}},"line":12},"2":{"name":"(anonymous_2)","decl":{"start":{"line":16,"column":25},"end":{"line":16,"column":26}},"loc":{"start":{"line":16,"column":72},"end":{"line":24,"column":3}},"line":16},"3":{"name":"(anonymous_3)","decl":{"start":{"line":18,"column":36},"end":{"line":18,"column":37}},"loc":{"start":{"line":18,"column":48},"end":{"line":23,"column":5}},"line":18}},"branchMap":{"0":{"loc":{"start":{"line":19,"column":6},"end":{"line":22,"column":7}},"type":"if","locations":[{"start":{"line":19,"column":6},"end":{"line":22,"column":7}},{"start":{},"end":{}}],"line":19},"1":{"loc":{"start":{"line":53,"column":13},"end":{"line":53,"column":62}},"type":"cond-expr","locations":[{"start":{"line":53,"column":25},"end":{"line":53,"column":39}},{"start":{"line":53,"column":42},"end":{"line":53,"column":62}}],"line":53}},"s":{"0":0,"1":0,"2":0,"3":0,"4":0,"5":0,"6":0,"7":0,"8":0,"9":0,"10":0,"11":0},"f":{"0":0,"1":0,"2":0,"3":0},"b":{"0":[0,0],"1":[0,0]}}
,"D:\\Dev\\yndx-burger\\src\\pages\\feed\\order-page.tsx": {"path":"D:\\Dev\\yndx-burger\\src\\pages\\feed\\order-page.tsx","statementMap":{"0":{"start":{"line":14,"column":19},"end":{"line":14,"column":32}},"1":{"start":{"line":15,"column":21},"end":{"line":15,"column":32}},"2":{"start":{"line":16,"column":19},"end":{"line":16,"column":32}},"3":{"start":{"line":17,"column":2},"end":{"line":17,"column":22}},"4":{"start":{"line":17,"column":15},"end":{"line":17,"column":22}},"5":{"start":{"line":19,"column":16},"end":{"line":32,"column":4}},"6":{"start":{"line":20,"column":15},"end":{"line":20,"column":80}},"7":{"start":{"line":22,"column":4},"end":{"line":25,"column":5}},"8":{"start":{"line":23,"column":6},"end":{"line":23,"column":70}},"9":{"start":{"line":23,"column":47},"end":{"line":23,"column":68}},"10":{"start":{"line":24,"column":6},"end":{"line":24,"column":30}},"11":{"start":{"line":24,"column":17},"end":{"line":24,"column":30}},"12":{"start":{"line":26,"column":4},"end":{"line":26,"column":81}},"13":{"start":{"line":27,"column":4},"end":{"line":30,"column":5}},"14":{"start":{"line":28,"column":6},"end":{"line":28,"column":70}},"15":{"start":{"line":28,"column":47},"end":{"line":28,"column":68}},"16":{"start":{"line":29,"column":6},"end":{"line":29,"column":30}},"17":{"start":{"line":29,"column":17},"end":{"line":29,"column":30}},"18":{"start":{"line":31,"column":4},"end":{"line":31,"column":37}},"19":{"start":{"line":33,"column":2},"end":{"line":35,"column":9}},"20":{"start":{"line":34,"column":4},"end":{"line":34,"column":48}},"21":{"start":{"line":34,"column":16},"end":{"line":34,"column":48}},"22":{"start":{"line":37,"column":26},"end":{"line":37,"column":60}},"23":{"start":{"line":37,"column":49},"end":{"line":37,"column":59}},"24":{"start":{"line":39,"column":2},"end":{"line":39,"column":64}},"25":{"start":{"line":39,"column":14},"end":{"line":39,"column":64}},"26":{"start":{"line":41,"column":12},"end":{"line":41,"column":13}},"27":{"start":{"line":42,"column":2},"end":{"line":46,"column":12}},"28":{"start":{"line":43,"column":35},"end":{"line":43,"column":76}},"29":{"start":{"line":43,"column":61},"end":{"line":43,"column":75}},"30":{"start":{"line":43,"column":94},"end":{"line":43,"column":113}},"31":{"start":{"line":46,"column":4},"end":{"line":46,"column":12}},"32":{"start":{"line":48,"column":2},"end":{"line":101,"column":4}},"33":{"start":{"line":65,"column":23},"end":{"line":65,"column":61}},"34":{"start":{"line":65,"column":47},"end":{"line":65,"column":60}},"35":{"start":{"line":66,"column":24},"end":{"line":66,"column":73}},"36":{"start":{"line":66,"column":56},"end":{"line":66,"column":65}},"37":{"start":{"line":67,"column":12},"end":{"line":67,"column":61}},"38":{"start":{"line":67,"column":51},"end":{"line":67,"column":61}},"39":{"start":{"line":68,"column":12},"end":{"line":83,"column":14}},"40":{"start":{"line":92,"column":15},"end":{"line":94,"column":90}},"41":{"start":{"line":93,"column":40},"end":{"line":93,"column":54}},"42":{"start":{"line":94,"column":43},"end":{"line":94,"column":57}}},"fnMap":{"0":{"name":"OrderPage","decl":{"start":{"line":13,"column":24},"end":{"line":13,"column":33}},"loc":{"start":{"line":13,"column":36},"end":{"line":102,"column":1}},"line":13},"1":{"name":"(anonymous_1)","decl":{"start":{"line":19,"column":28},"end":{"line":19,"column":29}},"loc":{"start":{"line":19,"column":39},"end":{"line":32,"column":3}},"line":19},"2":{"name":"(anonymous_2)","decl":{"start":{"line":23,"column":31},"end":{"line":23,"column":32}},"loc":{"start":{"line":23,"column":47},"end":{"line":23,"column":68}},"line":23},"3":{"name":"(anonymous_3)","decl":{"start":{"line":28,"column":31},"end":{"line":28,"column":32}},"loc":{"start":{"line":28,"column":47},"end":{"line":28,"column":68}},"line":28},"4":{"name":"(anonymous_4)","decl":{"start":{"line":33,"column":12},"end":{"line":33,"column":13}},"loc":{"start":{"line":33,"column":18},"end":{"line":35,"column":3}},"line":33},"5":{"name":"(anonymous_5)","decl":{"start":{"line":37,"column":38},"end":{"line":37,"column":39}},"loc":{"start":{"line":37,"column":49},"end":{"line":37,"column":59}},"line":37},"6":{"name":"(anonymous_6)","decl":{"start":{"line":43,"column":27},"end":{"line":43,"column":28}},"loc":{"start":{"line":43,"column":35},"end":{"line":43,"column":76}},"line":43},"7":{"name":"(anonymous_7)","decl":{"start":{"line":43,"column":52},"end":{"line":43,"column":53}},"loc":{"start":{"line":43,"column":61},"end":{"line":43,"column":75}},"line":43},"8":{"name":"(anonymous_8)","decl":{"start":{"line":43,"column":85},"end":{"line":43,"column":86}},"loc":{"start":{"line":43,"column":94},"end":{"line":43,"column":113}},"line":43},"9":{"name":"(anonymous_9)","decl":{"start":{"line":64,"column":47},"end":{"line":64,"column":48}},"loc":{"start":{"line":64,"column":56},"end":{"line":84,"column":11}},"line":64},"10":{"name":"(anonymous_10)","decl":{"start":{"line":65,"column":40},"end":{"line":65,"column":41}},"loc":{"start":{"line":65,"column":47},"end":{"line":65,"column":60}},"line":65},"11":{"name":"(anonymous_11)","decl":{"start":{"line":66,"column":49},"end":{"line":66,"column":50}},"loc":{"start":{"line":66,"column":56},"end":{"line":66,"column":65}},"line":66},"12":{"name":"(anonymous_12)","decl":{"start":{"line":91,"column":12},"end":{"line":91,"column":13}},"loc":{"start":{"line":92,"column":15},"end":{"line":94,"column":90}},"line":92},"13":{"name":"(anonymous_13)","decl":{"start":{"line":93,"column":33},"end":{"line":93,"column":34}},"loc":{"start":{"line":93,"column":40},"end":{"line":93,"column":54}},"line":93},"14":{"name":"(anonymous_14)","decl":{"start":{"line":94,"column":36},"end":{"line":94,"column":37}},"loc":{"start":{"line":94,"column":43},"end":{"line":94,"column":57}},"line":94}},"branchMap":{"0":{"loc":{"start":{"line":17,"column":2},"end":{"line":17,"column":22}},"type":"if","locations":[{"start":{"line":17,"column":2},"end":{"line":17,"column":22}},{"start":{},"end":{}}],"line":17},"1":{"loc":{"start":{"line":22,"column":4},"end":{"line":25,"column":5}},"type":"if","locations":[{"start":{"line":22,"column":4},"end":{"line":25,"column":5}},{"start":{},"end":{}}],"line":22},"2":{"loc":{"start":{"line":22,"column":8},"end":{"line":22,"column":27}},"type":"binary-expr","locations":[{"start":{"line":22,"column":8},"end":{"line":22,"column":12}},{"start":{"line":22,"column":16},"end":{"line":22,"column":27}}],"line":22},"3":{"loc":{"start":{"line":24,"column":6},"end":{"line":24,"column":30}},"type":"if","locations":[{"start":{"line":24,"column":6},"end":{"line":24,"column":30}},{"start":{},"end":{}}],"line":24},"4":{"loc":{"start":{"line":27,"column":4},"end":{"line":30,"column":5}},"type":"if","locations":[{"start":{"line":27,"column":4},"end":{"line":30,"column":5}},{"start":{},"end":{}}],"line":27},"5":{"loc":{"start":{"line":27,"column":8},"end":{"line":27,"column":27}},"type":"binary-expr","locations":[{"start":{"line":27,"column":8},"end":{"line":27,"column":12}},{"start":{"line":27,"column":16},"end":{"line":27,"column":27}}],"line":27},"6":{"loc":{"start":{"line":29,"column":6},"end":{"line":29,"column":30}},"type":"if","locations":[{"start":{"line":29,"column":6},"end":{"line":29,"column":30}},{"start":{},"end":{}}],"line":29},"7":{"loc":{"start":{"line":34,"column":4},"end":{"line":34,"column":48}},"type":"if","locations":[{"start":{"line":34,"column":4},"end":{"line":34,"column":48}},{"start":{},"end":{}}],"line":34},"8":{"loc":{"start":{"line":39,"column":2},"end":{"line":39,"column":64}},"type":"if","locations":[{"start":{"line":39,"column":2},"end":{"line":39,"column":64}},{"start":{},"end":{}}],"line":39},"9":{"loc":{"start":{"line":42,"column":2},"end":{"line":46,"column":12}},"type":"if","locations":[{"start":{"line":42,"column":2},"end":{"line":46,"column":12}},{"start":{},"end":{}}],"line":42},"10":{"loc":{"start":{"line":50,"column":7},"end":{"line":54,"column":7}},"type":"binary-expr","locations":[{"start":{"line":50,"column":7},"end":{"line":50,"column":29}},{"start":{"line":51,"column":8},"end":{"line":53,"column":21}}],"line":50},"11":{"loc":{"start":{"line":67,"column":12},"end":{"line":67,"column":61}},"type":"if","locations":[{"start":{"line":67,"column":12},"end":{"line":67,"column":61}},{"start":{},"end":{}}],"line":67},"12":{"loc":{"start":{"line":67,"column":16},"end":{"line":67,"column":49}},"type":"binary-expr","locations":[{"start":{"line":67,"column":16},"end":{"line":67,"column":34}},{"start":{"line":67,"column":38},"end":{"line":67,"column":49}}],"line":67},"13":{"loc":{"start":{"line":93,"column":16},"end":{"line":94,"column":90}},"type":"binary-expr","locations":[{"start":{"line":93,"column":16},"end":{"line":94,"column":85}},{"start":{"line":94,"column":89},"end":{"line":94,"column":90}}],"line":93},"14":{"loc":{"start":{"line":94,"column":19},"end":{"line":94,"column":84}},"type":"cond-expr","locations":[{"start":{"line":94,"column":77},"end":{"line":94,"column":80}},{"start":{"line":94,"column":83},"end":{"line":94,"column":84}}],"line":94}},"s":{"0":0,"1":0,"2":0,"3":0,"4":0,"5":0,"6":0,"7":0,"8":0,"9":0,"10":0,"11":0,"12":0,"13":0,"14":0,"15":0,"16":0,"17":0,"18":0,"19":0,"20":0,"21":0,"22":0,"23":0,"24":0,"25":0,"26":0,"27":0,"28":0,"29":0,"30":0,"31":0,"32":0,"33":0,"34":0,"35":0,"36":0,"37":0,"38":0,"39":0,"40":0,"41":0,"42":0},"f":{"0":0,"1":0,"2":0,"3":0,"4":0,"5":0,"6":0,"7":0,"8":0,"9":0,"10":0,"11":0,"12":0,"13":0,"14":0},"b":{"0":[0,0],"1":[0,0],"2":[0,0],"3":[0,0],"4":[0,0],"5":[0,0],"6":[0,0],"7":[0,0],"8":[0,0],"9":[0,0],"10":[0,0],"11":[0,0],"12":[0,0],"13":[0,0],"14":[0,0]}}
,"D:\\Dev\\yndx-burger\\src\\pages\\profile\\profile.tsx": {"path":"D:\\Dev\\yndx-burger\\src\\pages\\profile\\profile.tsx","statementMap":{"0":{"start":{"line":10,"column":19},"end":{"line":10,"column":32}},"1":{"start":{"line":11,"column":30},"end":{"line":11,"column":64}},"2":{"start":{"line":11,"column":53},"end":{"line":11,"column":63}},"3":{"start":{"line":12,"column":2},"end":{"line":12,"column":20}},"4":{"start":{"line":12,"column":13},"end":{"line":12,"column":20}},"5":{"start":{"line":13,"column":42},"end":{"line":13,"column":83}},"6":{"start":{"line":15,"column":42},"end":{"line":15,"column":56}},"7":{"start":{"line":16,"column":18},"end":{"line":16,"column":48}},"8":{"start":{"line":18,"column":37},"end":{"line":27,"column":14}},"9":{"start":{"line":19,"column":4},"end":{"line":26,"column":6}},"10":{"start":{"line":29,"column":25},"end":{"line":31,"column":3}},"11":{"start":{"line":30,"column":4},"end":{"line":30,"column":26}},"12":{"start":{"line":33,"column":26},"end":{"line":35,"column":3}},"13":{"start":{"line":34,"column":4},"end":{"line":34,"column":77}},"14":{"start":{"line":34,"column":38},"end":{"line":34,"column":77}},"15":{"start":{"line":36,"column":24},"end":{"line":38,"column":3}},"16":{"start":{"line":37,"column":4},"end":{"line":37,"column":71}},"17":{"start":{"line":37,"column":25},"end":{"line":37,"column":71}},"18":{"start":{"line":39,"column":21},"end":{"line":44,"column":3}},"19":{"start":{"line":40,"column":4},"end":{"line":40,"column":27}},"20":{"start":{"line":41,"column":4},"end":{"line":41,"column":76}},"21":{"start":{"line":41,"column":69},"end":{"line":41,"column":76}},"22":{"start":{"line":42,"column":16},"end":{"line":42,"column":74}},"23":{"start":{"line":43,"column":4},"end":{"line":43,"column":37}},"24":{"start":{"line":43,"column":21},"end":{"line":43,"column":32}},"25":{"start":{"line":45,"column":2},"end":{"line":50,"column":21}},"26":{"start":{"line":46,"column":4},"end":{"line":46,"column":33}},"27":{"start":{"line":46,"column":26},"end":{"line":46,"column":33}},"28":{"start":{"line":47,"column":4},"end":{"line":49,"column":71}},"29":{"start":{"line":52,"column":29},"end":{"line":59,"column":3}},"30":{"start":{"line":53,"column":4},"end":{"line":53,"column":23}},"31":{"start":{"line":54,"column":21},"end":{"line":54,"column":34}},"32":{"start":{"line":55,"column":4},"end":{"line":57,"column":5}},"33":{"start":{"line":56,"column":6},"end":{"line":56,"column":112}},"34":{"start":{"line":56,"column":61},"end":{"line":56,"column":112}},"35":{"start":{"line":58,"column":4},"end":{"line":58,"column":33}},"36":{"start":{"line":60,"column":2},"end":{"line":104,"column":4}},"37":{"start":{"line":98,"column":51},"end":{"line":98,"column":94}}},"fnMap":{"0":{"name":"Profile","decl":{"start":{"line":9,"column":24},"end":{"line":9,"column":31}},"loc":{"start":{"line":9,"column":34},"end":{"line":105,"column":1}},"line":9},"1":{"name":"(anonymous_1)","decl":{"start":{"line":11,"column":42},"end":{"line":11,"column":43}},"loc":{"start":{"line":11,"column":53},"end":{"line":11,"column":63}},"line":11},"2":{"name":"(anonymous_2)","decl":{"start":{"line":18,"column":45},"end":{"line":18,"column":46}},"loc":{"start":{"line":18,"column":51},"end":{"line":27,"column":3}},"line":18},"3":{"name":"(anonymous_3)","decl":{"start":{"line":29,"column":25},"end":{"line":29,"column":26}},"loc":{"start":{"line":29,"column":31},"end":{"line":31,"column":3}},"line":29},"4":{"name":"(anonymous_4)","decl":{"start":{"line":33,"column":26},"end":{"line":33,"column":27}},"loc":{"start":{"line":33,"column":63},"end":{"line":35,"column":3}},"line":33},"5":{"name":"(anonymous_5)","decl":{"start":{"line":36,"column":24},"end":{"line":36,"column":25}},"loc":{"start":{"line":36,"column":61},"end":{"line":38,"column":3}},"line":36},"6":{"name":"(anonymous_6)","decl":{"start":{"line":39,"column":21},"end":{"line":39,"column":22}},"loc":{"start":{"line":39,"column":56},"end":{"line":44,"column":3}},"line":39},"7":{"name":"(anonymous_7)","decl":{"start":{"line":43,"column":15},"end":{"line":43,"column":16}},"loc":{"start":{"line":43,"column":21},"end":{"line":43,"column":32}},"line":43},"8":{"name":"(anonymous_8)","decl":{"start":{"line":45,"column":12},"end":{"line":45,"column":13}},"loc":{"start":{"line":45,"column":18},"end":{"line":50,"column":3}},"line":45},"9":{"name":"(anonymous_9)","decl":{"start":{"line":52,"column":29},"end":{"line":52,"column":30}},"loc":{"start":{"line":52,"column":53},"end":{"line":59,"column":3}},"line":52},"10":{"name":"(anonymous_10)","decl":{"start":{"line":98,"column":45},"end":{"line":98,"column":46}},"loc":{"start":{"line":98,"column":51},"end":{"line":98,"column":94}},"line":98}},"branchMap":{"0":{"loc":{"start":{"line":12,"column":2},"end":{"line":12,"column":20}},"type":"if","locations":[{"start":{"line":12,"column":2},"end":{"line":12,"column":20}},{"start":{},"end":{}}],"line":12},"1":{"loc":{"start":{"line":20,"column":6},"end":{"line":20,"column":95}},"type":"binary-expr","locations":[{"start":{"line":20,"column":6},"end":{"line":20,"column":33}},{"start":{"line":20,"column":37},"end":{"line":20,"column":62}},{"start":{"line":20,"column":66},"end":{"line":20,"column":95}}],"line":20},"2":{"loc":{"start":{"line":24,"column":18},"end":{"line":24,"column":73}},"type":"binary-expr","locations":[{"start":{"line":24,"column":18},"end":{"line":24,"column":47}},{"start":{"line":24,"column":51},"end":{"line":24,"column":73}}],"line":24},"3":{"loc":{"start":{"line":34,"column":4},"end":{"line":34,"column":77}},"type":"if","locations":[{"start":{"line":34,"column":4},"end":{"line":34,"column":77}},{"start":{},"end":{}}],"line":34},"4":{"loc":{"start":{"line":37,"column":4},"end":{"line":37,"column":71}},"type":"if","locations":[{"start":{"line":37,"column":4},"end":{"line":37,"column":71}},{"start":{},"end":{}}],"line":37},"5":{"loc":{"start":{"line":41,"column":4},"end":{"line":41,"column":76}},"type":"if","locations":[{"start":{"line":41,"column":4},"end":{"line":41,"column":76}},{"start":{},"end":{}}],"line":41},"6":{"loc":{"start":{"line":46,"column":4},"end":{"line":46,"column":33}},"type":"if","locations":[{"start":{"line":46,"column":4},"end":{"line":46,"column":33}},{"start":{},"end":{}}],"line":46},"7":{"loc":{"start":{"line":47,"column":4},"end":{"line":49,"column":70}},"type":"cond-expr","locations":[{"start":{"line":48,"column":8},"end":{"line":48,"column":67}},{"start":{"line":49,"column":8},"end":{"line":49,"column":70}}],"line":47},"8":{"loc":{"start":{"line":56,"column":6},"end":{"line":56,"column":112}},"type":"if","locations":[{"start":{"line":56,"column":6},"end":{"line":56,"column":112}},{"start":{},"end":{}}],"line":56},"9":{"loc":{"start":{"line":65,"column":26},"end":{"line":65,"column":65}},"type":"cond-expr","locations":[{"start":{"line":65,"column":47},"end":{"line":65,"column":53}},{"start":{"line":65,"column":56},"end":{"line":65,"column":65}}],"line":65},"10":{"loc":{"start":{"line":69,"column":17},"end":{"line":69,"column":34}},"type":"binary-expr","locations":[{"start":{"line":69,"column":17},"end":{"line":69,"column":28}},{"start":{"line":69,"column":32},"end":{"line":69,"column":34}}],"line":69},"11":{"loc":{"start":{"line":78,"column":26},"end":{"line":78,"column":66}},"type":"cond-expr","locations":[{"start":{"line":78,"column":48},"end":{"line":78,"column":54}},{"start":{"line":78,"column":57},"end":{"line":78,"column":66}}],"line":78},"12":{"loc":{"start":{"line":79,"column":17},"end":{"line":79,"column":35}},"type":"binary-expr","locations":[{"start":{"line":79,"column":17},"end":{"line":79,"column":29}},{"start":{"line":79,"column":33},"end":{"line":79,"column":35}}],"line":79},"13":{"loc":{"start":{"line":88,"column":26},"end":{"line":88,"column":69}},"type":"cond-expr","locations":[{"start":{"line":88,"column":51},"end":{"line":88,"column":57}},{"start":{"line":88,"column":60},"end":{"line":88,"column":69}}],"line":88},"14":{"loc":{"start":{"line":93,"column":7},"end":{"line":102,"column":7}},"type":"binary-expr","locations":[{"start":{"line":93,"column":7},"end":{"line":93,"column":16}},{"start":{"line":94,"column":8},"end":{"line":101,"column":14}}],"line":93},"15":{"loc":{"start":{"line":95,"column":28},"end":{"line":95,"column":51}},"type":"binary-expr","locations":[{"start":{"line":95,"column":28},"end":{"line":95,"column":38}},{"start":{"line":95,"column":42},"end":{"line":95,"column":51}}],"line":95}},"s":{"0":0,"1":0,"2":0,"3":0,"4":0,"5":0,"6":0,"7":0,"8":0,"9":0,"10":0,"11":0,"12":0,"13":0,"14":0,"15":0,"16":0,"17":0,"18":0,"19":0,"20":0,"21":0,"22":0,"23":0,"24":0,"25":0,"26":0,"27":0,"28":0,"29":0,"30":0,"31":0,"32":0,"33":0,"34":0,"35":0,"36":0,"37":0},"f":{"0":0,"1":0,"2":0,"3":0,"4":0,"5":0,"6":0,"7":0,"8":0,"9":0,"10":0},"b":{"0":[0,0],"1":[0,0,0],"2":[0,0],"3":[0,0],"4":[0,0],"5":[0,0],"6":[0,0],"7":[0,0],"8":[0,0],"9":[0,0],"10":[0,0],"11":[0,0],"12":[0,0],"13":[0,0],"14":[0,0],"15":[0,0]}}
,"D:\\Dev\\yndx-burger\\src\\services\\api.ts": {"path":"D:\\Dev\\yndx-burger\\src\\services\\api.ts","statementMap":{"0":{"start":{"line":4,"column":16},"end":{"line":4,"column":30}},"1":{"start":{"line":5,"column":20},"end":{"line":5,"column":29}},"2":{"start":{"line":6,"column":22},"end":{"line":6,"column":38}},"3":{"start":{"line":7,"column":19},"end":{"line":7,"column":32}},"4":{"start":{"line":8,"column":20},"end":{"line":8,"column":34}},"5":{"start":{"line":9,"column":17},"end":{"line":9,"column":29}},"6":{"start":{"line":10,"column":19},"end":{"line":10,"column":36}},"7":{"start":{"line":11,"column":19},"end":{"line":11,"column":42}},"8":{"start":{"line":12,"column":18},"end":{"line":12,"column":27}},"9":{"start":{"line":15,"column":19},"end":{"line":15,"column":45}},"10":{"start":{"line":15,"column":31},"end":{"line":15,"column":45}},"11":{"start":{"line":16,"column":13},"end":{"line":16,"column":70}},"12":{"start":{"line":16,"column":39},"end":{"line":16,"column":70}},"13":{"start":{"line":18,"column":10},"end":{"line":18,"column":68}},"14":{"start":{"line":18,"column":37},"end":{"line":18,"column":68}},"15":{"start":{"line":19,"column":13},"end":{"line":19,"column":77}},"16":{"start":{"line":19,"column":43},"end":{"line":19,"column":77}},"17":{"start":{"line":20,"column":11},"end":{"line":20,"column":98}},"18":{"start":{"line":20,"column":23},"end":{"line":20,"column":98}},"19":{"start":{"line":22,"column":10},"end":{"line":22,"column":68}},"20":{"start":{"line":22,"column":37},"end":{"line":22,"column":68}},"21":{"start":{"line":23,"column":10},"end":{"line":23,"column":68}},"22":{"start":{"line":23,"column":37},"end":{"line":23,"column":68}},"23":{"start":{"line":26,"column":12},"end":{"line":26,"column":48}},"24":{"start":{"line":26,"column":24},"end":{"line":26,"column":48}},"25":{"start":{"line":27,"column":13},"end":{"line":27,"column":91}},"26":{"start":{"line":27,"column":52},"end":{"line":27,"column":91}},"27":{"start":{"line":28,"column":10},"end":{"line":28,"column":95}},"28":{"start":{"line":28,"column":43},"end":{"line":28,"column":95}},"29":{"start":{"line":30,"column":18},"end":{"line":53,"column":3}},"30":{"start":{"line":31,"column":18},"end":{"line":31,"column":68}},"31":{"start":{"line":32,"column":28},"end":{"line":32,"column":88}},"32":{"start":{"line":34,"column":4},"end":{"line":34,"column":51}},"33":{"start":{"line":34,"column":26},"end":{"line":34,"column":50}},"34":{"start":{"line":36,"column":4},"end":{"line":36,"column":54}},"35":{"start":{"line":36,"column":27},"end":{"line":36,"column":53}},"36":{"start":{"line":38,"column":4},"end":{"line":51,"column":6}},"37":{"start":{"line":39,"column":6},"end":{"line":50,"column":7}},"38":{"start":{"line":40,"column":21},"end":{"line":40,"column":41}},"39":{"start":{"line":41,"column":8},"end":{"line":46,"column":9}},"40":{"start":{"line":42,"column":10},"end":{"line":42,"column":25}},"41":{"start":{"line":43,"column":10},"end":{"line":43,"column":31}},"42":{"start":{"line":44,"column":10},"end":{"line":44,"column":56}},"43":{"start":{"line":45,"column":10},"end":{"line":45,"column":17}},"44":{"start":{"line":47,"column":8},"end":{"line":47,"column":24}},"45":{"start":{"line":49,"column":8},"end":{"line":49,"column":27}},"46":{"start":{"line":52,"column":4},"end":{"line":52,"column":18}}},"fnMap":{"0":{"name":"(anonymous_0)","decl":{"start":{"line":15,"column":19},"end":{"line":15,"column":20}},"loc":{"start":{"line":15,"column":31},"end":{"line":15,"column":45}},"line":15},"1":{"name":"(anonymous_1)","decl":{"start":{"line":16,"column":13},"end":{"line":16,"column":14}},"loc":{"start":{"line":16,"column":39},"end":{"line":16,"column":70}},"line":16},"2":{"name":"(anonymous_2)","decl":{"start":{"line":18,"column":10},"end":{"line":18,"column":11}},"loc":{"start":{"line":18,"column":37},"end":{"line":18,"column":68}},"line":18},"3":{"name":"(anonymous_3)","decl":{"start":{"line":19,"column":13},"end":{"line":19,"column":14}},"loc":{"start":{"line":19,"column":43},"end":{"line":19,"column":77}},"line":19},"4":{"name":"(anonymous_4)","decl":{"start":{"line":20,"column":11},"end":{"line":20,"column":12}},"loc":{"start":{"line":20,"column":23},"end":{"line":20,"column":98}},"line":20},"5":{"name":"(anonymous_5)","decl":{"start":{"line":22,"column":10},"end":{"line":22,"column":11}},"loc":{"start":{"line":22,"column":37},"end":{"line":22,"column":68}},"line":22},"6":{"name":"(anonymous_6)","decl":{"start":{"line":23,"column":10},"end":{"line":23,"column":11}},"loc":{"start":{"line":23,"column":37},"end":{"line":23,"column":68}},"line":23},"7":{"name":"(anonymous_7)","decl":{"start":{"line":26,"column":12},"end":{"line":26,"column":13}},"loc":{"start":{"line":26,"column":24},"end":{"line":26,"column":48}},"line":26},"8":{"name":"(anonymous_8)","decl":{"start":{"line":27,"column":13},"end":{"line":27,"column":14}},"loc":{"start":{"line":27,"column":52},"end":{"line":27,"column":91}},"line":27},"9":{"name":"(anonymous_9)","decl":{"start":{"line":28,"column":10},"end":{"line":28,"column":11}},"loc":{"start":{"line":28,"column":43},"end":{"line":28,"column":95}},"line":28},"10":{"name":"(anonymous_10)","decl":{"start":{"line":30,"column":18},"end":{"line":30,"column":19}},"loc":{"start":{"line":30,"column":85},"end":{"line":53,"column":3}},"line":30},"11":{"name":"(anonymous_11)","decl":{"start":{"line":34,"column":20},"end":{"line":34,"column":21}},"loc":{"start":{"line":34,"column":26},"end":{"line":34,"column":50}},"line":34},"12":{"name":"(anonymous_12)","decl":{"start":{"line":36,"column":21},"end":{"line":36,"column":22}},"loc":{"start":{"line":36,"column":27},"end":{"line":36,"column":53}},"line":36},"13":{"name":"(anonymous_13)","decl":{"start":{"line":38,"column":23},"end":{"line":38,"column":24}},"loc":{"start":{"line":38,"column":38},"end":{"line":51,"column":5}},"line":38}},"branchMap":{"0":{"loc":{"start":{"line":30,"column":63},"end":{"line":30,"column":80}},"type":"default-arg","locations":[{"start":{"line":30,"column":75},"end":{"line":30,"column":80}}],"line":30},"1":{"loc":{"start":{"line":32,"column":51},"end":{"line":32,"column":85}},"type":"cond-expr","locations":[{"start":{"line":32,"column":63},"end":{"line":32,"column":80}},{"start":{"line":32,"column":83},"end":{"line":32,"column":85}}],"line":32},"2":{"loc":{"start":{"line":41,"column":8},"end":{"line":46,"column":9}},"type":"if","locations":[{"start":{"line":41,"column":8},"end":{"line":46,"column":9}},{"start":{},"end":{}}],"line":41},"3":{"loc":{"start":{"line":41,"column":12},"end":{"line":41,"column":68}},"type":"binary-expr","locations":[{"start":{"line":41,"column":12},"end":{"line":41,"column":21}},{"start":{"line":41,"column":25},"end":{"line":41,"column":68}}],"line":41}},"s":{"0":3,"1":3,"2":3,"3":3,"4":3,"5":3,"6":3,"7":3,"8":3,"9":3,"10":0,"11":3,"12":0,"13":3,"14":0,"15":3,"16":0,"17":3,"18":0,"19":3,"20":0,"21":3,"22":0,"23":3,"24":0,"25":3,"26":0,"27":3,"28":0,"29":3,"30":0,"31":0,"32":0,"33":0,"34":0,"35":0,"36":0,"37":0,"38":0,"39":0,"40":0,"41":0,"42":0,"43":0,"44":0,"45":0,"46":0},"f":{"0":0,"1":0,"2":0,"3":0,"4":0,"5":0,"6":0,"7":0,"8":0,"9":0,"10":0,"11":0,"12":0,"13":0},"b":{"0":[0],"1":[0,0],"2":[0,0],"3":[0,0]},"_coverageSchema":"1a1c01bbd47fc00a2c39e90264f33305004495a9","hash":"ae3e68e92936048bc6dfb59669898ff6778524bc"}
,"D:\\Dev\\yndx-burger\\src\\services\\actions\\index.ts": {"path":"D:\\Dev\\yndx-burger\\src\\services\\actions\\index.ts","statementMap":{"0":{"start":{"line":5,"column":32},"end":{"line":5,"column":98}},"1":{"start":{"line":5,"column":77},"end":{"line":5,"column":97}},"2":{"start":{"line":7,"column":26},"end":{"line":7,"column":119}},"3":{"start":{"line":7,"column":96},"end":{"line":7,"column":118}},"4":{"start":{"line":9,"column":29},"end":{"line":9,"column":116}},"5":{"start":{"line":9,"column":95},"end":{"line":9,"column":115}},"6":{"start":{"line":11,"column":23},"end":{"line":13,"column":2}},"7":{"start":{"line":12,"column":2},"end":{"line":12,"column":23}},"8":{"start":{"line":14,"column":21},"end":{"line":16,"column":2}},"9":{"start":{"line":15,"column":2},"end":{"line":15,"column":25}},"10":{"start":{"line":17,"column":24},"end":{"line":19,"column":2}},"11":{"start":{"line":18,"column":2},"end":{"line":18,"column":28}},"12":{"start":{"line":20,"column":24},"end":{"line":22,"column":2}},"13":{"start":{"line":21,"column":2},"end":{"line":21,"column":28}},"14":{"start":{"line":23,"column":22},"end":{"line":25,"column":2}},"15":{"start":{"line":24,"column":2},"end":{"line":24,"column":22}}},"fnMap":{"0":{"name":"(anonymous_0)","decl":{"start":{"line":5,"column":65},"end":{"line":5,"column":66}},"loc":{"start":{"line":5,"column":77},"end":{"line":5,"column":97}},"line":5},"1":{"name":"(anonymous_1)","decl":{"start":{"line":7,"column":63},"end":{"line":7,"column":64}},"loc":{"start":{"line":7,"column":96},"end":{"line":7,"column":118}},"line":7},"2":{"name":"(anonymous_2)","decl":{"start":{"line":9,"column":69},"end":{"line":9,"column":70}},"loc":{"start":{"line":9,"column":95},"end":{"line":9,"column":115}},"line":9},"3":{"name":"(anonymous_3)","decl":{"start":{"line":11,"column":58},"end":{"line":11,"column":59}},"loc":{"start":{"line":11,"column":70},"end":{"line":13,"column":1}},"line":11},"4":{"name":"(anonymous_4)","decl":{"start":{"line":14,"column":52},"end":{"line":14,"column":53}},"loc":{"start":{"line":14,"column":79},"end":{"line":16,"column":1}},"line":14},"5":{"name":"(anonymous_5)","decl":{"start":{"line":17,"column":58},"end":{"line":17,"column":59}},"loc":{"start":{"line":17,"column":88},"end":{"line":19,"column":1}},"line":17},"6":{"name":"(anonymous_6)","decl":{"start":{"line":20,"column":58},"end":{"line":20,"column":59}},"loc":{"start":{"line":20,"column":97},"end":{"line":22,"column":1}},"line":20},"7":{"name":"(anonymous_7)","decl":{"start":{"line":23,"column":54},"end":{"line":23,"column":55}},"loc":{"start":{"line":23,"column":66},"end":{"line":25,"column":1}},"line":23}},"branchMap":{},"s":{"0":3,"1":0,"2":3,"3":0,"4":3,"5":0,"6":3,"7":0,"8":3,"9":0,"10":3,"11":0,"12":3,"13":0,"14":3,"15":0},"f":{"0":0,"1":0,"2":0,"3":0,"4":0,"5":0,"6":0,"7":0},"b":{},"_coverageSchema":"1a1c01bbd47fc00a2c39e90264f33305004495a9","hash":"6fcf58b14eab960383b51f1b54979dbe3eca14ef"}
,"D:\\Dev\\yndx-burger\\src\\services\\slices\\constructor-slice.ts": {"path":"D:\\Dev\\yndx-burger\\src\\services\\slices\\constructor-slice.ts","statementMap":{"0":{"start":{"line":9,"column":42},"end":{"line":13,"column":1}},"1":{"start":{"line":14,"column":32},"end":{"line":49,"column":2}},"2":{"start":{"line":20,"column":8},"end":{"line":20,"column":58}},"3":{"start":{"line":23,"column":8},"end":{"line":23,"column":64}},"4":{"start":{"line":27,"column":6},"end":{"line":27,"column":44}},"5":{"start":{"line":30,"column":6},"end":{"line":30,"column":33}},"6":{"start":{"line":33,"column":6},"end":{"line":33,"column":106}},"7":{"start":{"line":33,"column":76},"end":{"line":33,"column":104}},"8":{"start":{"line":36,"column":37},"end":{"line":36,"column":51}},"9":{"start":{"line":37,"column":21},"end":{"line":37,"column":57}},"10":{"start":{"line":38,"column":6},"end":{"line":38,"column":80}},"11":{"start":{"line":39,"column":6},"end":{"line":39,"column":50}},"12":{"start":{"line":42,"column":6},"end":{"line":46,"column":8}},"13":{"start":{"line":52,"column":2},"end":{"line":52,"column":26}}},"fnMap":{"0":{"name":"(anonymous_0)","decl":{"start":{"line":19,"column":6},"end":{"line":19,"column":7}},"loc":{"start":{"line":19,"column":56},"end":{"line":21,"column":7}},"line":19},"1":{"name":"(anonymous_1)","decl":{"start":{"line":22,"column":6},"end":{"line":22,"column":7}},"loc":{"start":{"line":22,"column":38},"end":{"line":24,"column":7}},"line":22},"2":{"name":"(anonymous_2)","decl":{"start":{"line":26,"column":4},"end":{"line":26,"column":5}},"loc":{"start":{"line":26,"column":71},"end":{"line":28,"column":5}},"line":26},"3":{"name":"(anonymous_3)","decl":{"start":{"line":29,"column":4},"end":{"line":29,"column":5}},"loc":{"start":{"line":29,"column":60},"end":{"line":31,"column":5}},"line":29},"4":{"name":"(anonymous_4)","decl":{"start":{"line":32,"column":4},"end":{"line":32,"column":5}},"loc":{"start":{"line":32,"column":59},"end":{"line":34,"column":5}},"line":32},"5":{"name":"(anonymous_5)","decl":{"start":{"line":33,"column":67},"end":{"line":33,"column":68}},"loc":{"start":{"line":33,"column":76},"end":{"line":33,"column":104}},"line":33},"6":{"name":"(anonymous_6)","decl":{"start":{"line":35,"column":4},"end":{"line":35,"column":5}},"loc":{"start":{"line":35,"column":90},"end":{"line":40,"column":5}},"line":35},"7":{"name":"(anonymous_7)","decl":{"start":{"line":41,"column":4},"end":{"line":41,"column":5}},"loc":{"start":{"line":41,"column":18},"end":{"line":47,"column":5}},"line":41}},"branchMap":{"0":{"loc":{"start":{"line":10,"column":18},"end":{"line":10,"column":55}},"type":"binary-expr","locations":[{"start":{"line":10,"column":18},"end":{"line":10,"column":45}},{"start":{"line":10,"column":49},"end":{"line":10,"column":55}}],"line":10},"1":{"loc":{"start":{"line":11,"column":34},"end":{"line":11,"column":77}},"type":"binary-expr","locations":[{"start":{"line":11,"column":34},"end":{"line":11,"column":69}},{"start":{"line":11,"column":73},"end":{"line":11,"column":77}}],"line":11}},"s":{"0":1,"1":1,"2":1,"3":0,"4":1,"5":1,"6":1,"7":1,"8":1,"9":1,"10":1,"11":1,"12":1,"13":1},"f":{"0":1,"1":0,"2":1,"3":1,"4":1,"5":1,"6":1,"7":1},"b":{"0":[1,1],"1":[1,1]},"_coverageSchema":"1a1c01bbd47fc00a2c39e90264f33305004495a9","hash":"e2a3a7636dbd190f8d83ac9f215a38e07f8e7ac7"}
,"D:\\Dev\\yndx-burger\\src\\services\\slices\\ingredients-slice.ts": {"path":"D:\\Dev\\yndx-burger\\src\\services\\slices\\ingredients-slice.ts","statementMap":{"0":{"start":{"line":10,"column":47},"end":{"line":14,"column":1}},"1":{"start":{"line":15,"column":32},"end":{"line":35,"column":2}},"2":{"start":{"line":21,"column":4},"end":{"line":24,"column":7}},"3":{"start":{"line":22,"column":6},"end":{"line":22,"column":29}},"4":{"start":{"line":23,"column":6},"end":{"line":23,"column":25}},"5":{"start":{"line":25,"column":4},"end":{"line":29,"column":7}},"6":{"start":{"line":26,"column":6},"end":{"line":26,"column":46}},"7":{"start":{"line":27,"column":6},"end":{"line":27,"column":25}},"8":{"start":{"line":28,"column":6},"end":{"line":28,"column":30}},"9":{"start":{"line":30,"column":4},"end":{"line":33,"column":7}},"10":{"start":{"line":31,"column":6},"end":{"line":31,"column":75}},"11":{"start":{"line":32,"column":6},"end":{"line":32,"column":30}}},"fnMap":{"0":{"name":"(anonymous_0)","decl":{"start":{"line":19,"column":2},"end":{"line":19,"column":3}},"loc":{"start":{"line":19,"column":25},"end":{"line":34,"column":3}},"line":19},"1":{"name":"(anonymous_1)","decl":{"start":{"line":21,"column":46},"end":{"line":21,"column":47}},"loc":{"start":{"line":21,"column":57},"end":{"line":24,"column":5}},"line":21},"2":{"name":"(anonymous_2)","decl":{"start":{"line":25,"column":48},"end":{"line":25,"column":49}},"loc":{"start":{"line":25,"column":106},"end":{"line":29,"column":5}},"line":25},"3":{"name":"(anonymous_3)","decl":{"start":{"line":30,"column":47},"end":{"line":30,"column":48}},"loc":{"start":{"line":30,"column":94},"end":{"line":33,"column":5}},"line":30}},"branchMap":{"0":{"loc":{"start":{"line":31,"column":20},"end":{"line":31,"column":74}},"type":"binary-expr","locations":[{"start":{"line":31,"column":20},"end":{"line":31,"column":41}},{"start":{"line":31,"column":45},"end":{"line":31,"column":74}}],"line":31}},"s":{"0":1,"1":1,"2":1,"3":1,"4":1,"5":1,"6":1,"7":1,"8":1,"9":1,"10":2,"11":2},"f":{"0":1,"1":1,"2":1,"3":2},"b":{"0":[2,1]},"_coverageSchema":"1a1c01bbd47fc00a2c39e90264f33305004495a9","hash":"6d604fa950aafbd36a95a187898431380b448ef5"}
,"D:\\Dev\\yndx-burger\\src\\services\\slices\\order-slice.ts": {"path":"D:\\Dev\\yndx-burger\\src\\services\\slices\\order-slice.ts","statementMap":{"0":{"start":{"line":16,"column":41},"end":{"line":24,"column":1}},"1":{"start":{"line":26,"column":26},"end":{"line":55,"column":2}},"2":{"start":{"line":31,"column":6},"end":{"line":31,"column":28}},"3":{"start":{"line":32,"column":6},"end":{"line":32,"column":32}},"4":{"start":{"line":36,"column":4},"end":{"line":38,"column":7}},"5":{"start":{"line":37,"column":6},"end":{"line":37,"column":27}},"6":{"start":{"line":39,"column":4},"end":{"line":41,"column":7}},"7":{"start":{"line":40,"column":6},"end":{"line":40,"column":65}},"8":{"start":{"line":42,"column":4},"end":{"line":49,"column":7}},"9":{"start":{"line":43,"column":6},"end":{"line":48,"column":8}},"10":{"start":{"line":51,"column":4},"end":{"line":53,"column":7}},"11":{"start":{"line":52,"column":6},"end":{"line":52,"column":67}},"12":{"start":{"line":57,"column":30},"end":{"line":57,"column":48}}},"fnMap":{"0":{"name":"(anonymous_0)","decl":{"start":{"line":30,"column":16},"end":{"line":30,"column":17}},"loc":{"start":{"line":30,"column":27},"end":{"line":33,"column":5}},"line":30},"1":{"name":"(anonymous_1)","decl":{"start":{"line":35,"column":2},"end":{"line":35,"column":3}},"loc":{"start":{"line":35,"column":25},"end":{"line":54,"column":3}},"line":35},"2":{"name":"(anonymous_2)","decl":{"start":{"line":36,"column":40},"end":{"line":36,"column":41}},"loc":{"start":{"line":36,"column":51},"end":{"line":38,"column":5}},"line":36},"3":{"name":"(anonymous_3)","decl":{"start":{"line":39,"column":42},"end":{"line":39,"column":43}},"loc":{"start":{"line":39,"column":85},"end":{"line":41,"column":5}},"line":39},"4":{"name":"(anonymous_4)","decl":{"start":{"line":42,"column":41},"end":{"line":42,"column":42}},"loc":{"start":{"line":42,"column":52},"end":{"line":49,"column":5}},"line":42},"5":{"name":"(anonymous_5)","decl":{"start":{"line":51,"column":45},"end":{"line":51,"column":46}},"loc":{"start":{"line":51,"column":100},"end":{"line":53,"column":5}},"line":51}},"branchMap":{},"s":{"0":1,"1":1,"2":1,"3":1,"4":1,"5":1,"6":1,"7":1,"8":1,"9":1,"10":1,"11":1,"12":1},"f":{"0":1,"1":1,"2":1,"3":1,"4":1,"5":1},"b":{},"_coverageSchema":"1a1c01bbd47fc00a2c39e90264f33305004495a9","hash":"09459be84a71e30cb4b9a28ada708cc08d52483c"}
,"D:\\Dev\\yndx-burger\\src\\services\\slices\\tab-slice.ts": {"path":"D:\\Dev\\yndx-burger\\src\\services\\slices\\tab-slice.ts","statementMap":{"0":{"start":{"line":4,"column":24},"end":{"line":13,"column":2}},"1":{"start":{"line":9,"column":6},"end":{"line":9,"column":29}},"2":{"start":{"line":10,"column":6},"end":{"line":10,"column":19}},"3":{"start":{"line":15,"column":29},"end":{"line":15,"column":45}}},"fnMap":{"0":{"name":"(anonymous_0)","decl":{"start":{"line":8,"column":4},"end":{"line":8,"column":5}},"loc":{"start":{"line":8,"column":64},"end":{"line":11,"column":5}},"line":8}},"branchMap":{},"s":{"0":1,"1":1,"2":1,"3":1},"f":{"0":1},"b":{},"_coverageSchema":"1a1c01bbd47fc00a2c39e90264f33305004495a9","hash":"8b9e15c9ab716faad799d25da696841f8d8fc1e1"}
,"D:\\Dev\\yndx-burger\\src\\services\\slices\\user-slice.ts": {"path":"D:\\Dev\\yndx-burger\\src\\services\\slices\\user-slice.ts","statementMap":{"0":{"start":{"line":12,"column":40},"end":{"line":17,"column":1}},"1":{"start":{"line":19,"column":25},"end":{"line":113,"column":2}},"2":{"start":{"line":24,"column":6},"end":{"line":24,"column":43}},"3":{"start":{"line":27,"column":6},"end":{"line":27,"column":23}},"4":{"start":{"line":31,"column":4},"end":{"line":111,"column":9}},"5":{"start":{"line":34,"column":8},"end":{"line":34,"column":31}},"6":{"start":{"line":35,"column":8},"end":{"line":35,"column":25}},"7":{"start":{"line":38,"column":8},"end":{"line":38,"column":41}},"8":{"start":{"line":39,"column":8},"end":{"line":39,"column":35}},"9":{"start":{"line":40,"column":8},"end":{"line":40,"column":25}},"10":{"start":{"line":41,"column":8},"end":{"line":41,"column":32}},"11":{"start":{"line":44,"column":8},"end":{"line":44,"column":26}},"12":{"start":{"line":45,"column":8},"end":{"line":45,"column":35}},"13":{"start":{"line":46,"column":8},"end":{"line":46,"column":32}},"14":{"start":{"line":47,"column":8},"end":{"line":47,"column":68}},"15":{"start":{"line":52,"column":8},"end":{"line":52,"column":31}},"16":{"start":{"line":53,"column":8},"end":{"line":53,"column":25}},"17":{"start":{"line":56,"column":8},"end":{"line":56,"column":41}},"18":{"start":{"line":57,"column":8},"end":{"line":57,"column":35}},"19":{"start":{"line":58,"column":8},"end":{"line":58,"column":32}},"20":{"start":{"line":59,"column":8},"end":{"line":59,"column":25}},"21":{"start":{"line":62,"column":8},"end":{"line":62,"column":26}},"22":{"start":{"line":63,"column":8},"end":{"line":63,"column":35}},"23":{"start":{"line":64,"column":8},"end":{"line":64,"column":32}},"24":{"start":{"line":65,"column":8},"end":{"line":65,"column":68}},"25":{"start":{"line":70,"column":8},"end":{"line":70,"column":31}},"26":{"start":{"line":71,"column":8},"end":{"line":71,"column":25}},"27":{"start":{"line":74,"column":8},"end":{"line":74,"column":26}},"28":{"start":{"line":75,"column":8},"end":{"line":75,"column":32}},"29":{"start":{"line":76,"column":8},"end":{"line":76,"column":25}},"30":{"start":{"line":81,"column":8},"end":{"line":81,"column":31}},"31":{"start":{"line":82,"column":8},"end":{"line":82,"column":25}},"32":{"start":{"line":85,"column":8},"end":{"line":85,"column":41}},"33":{"start":{"line":86,"column":8},"end":{"line":86,"column":35}},"34":{"start":{"line":87,"column":8},"end":{"line":87,"column":32}},"35":{"start":{"line":88,"column":8},"end":{"line":88,"column":25}},"36":{"start":{"line":91,"column":8},"end":{"line":91,"column":26}},"37":{"start":{"line":92,"column":8},"end":{"line":92,"column":35}},"38":{"start":{"line":93,"column":8},"end":{"line":93,"column":32}},"39":{"start":{"line":94,"column":8},"end":{"line":94,"column":68}},"40":{"start":{"line":99,"column":8},"end":{"line":99,"column":31}},"41":{"start":{"line":100,"column":8},"end":{"line":100,"column":25}},"42":{"start":{"line":103,"column":8},"end":{"line":103,"column":41}},"43":{"start":{"line":104,"column":8},"end":{"line":104,"column":32}},"44":{"start":{"line":105,"column":8},"end":{"line":105,"column":25}},"45":{"start":{"line":108,"column":8},"end":{"line":108,"column":26}},"46":{"start":{"line":109,"column":8},"end":{"line":109,"column":32}},"47":{"start":{"line":110,"column":8},"end":{"line":110,"column":68}},"48":{"start":{"line":115,"column":46},"end":{"line":115,"column":63}}},"fnMap":{"0":{"name":"(anonymous_0)","decl":{"start":{"line":23,"column":20},"end":{"line":23,"column":21}},"loc":{"start":{"line":23,"column":63},"end":{"line":25,"column":5}},"line":23},"1":{"name":"(anonymous_1)","decl":{"start":{"line":26,"column":16},"end":{"line":26,"column":17}},"loc":{"start":{"line":26,"column":27},"end":{"line":28,"column":5}},"line":26},"2":{"name":"(anonymous_2)","decl":{"start":{"line":30,"column":17},"end":{"line":30,"column":18}},"loc":{"start":{"line":30,"column":30},"end":{"line":112,"column":3}},"line":30},"3":{"name":"(anonymous_3)","decl":{"start":{"line":33,"column":30},"end":{"line":33,"column":31}},"loc":{"start":{"line":33,"column":41},"end":{"line":36,"column":7}},"line":33},"4":{"name":"(anonymous_4)","decl":{"start":{"line":37,"column":32},"end":{"line":37,"column":33}},"loc":{"start":{"line":37,"column":82},"end":{"line":42,"column":7}},"line":37},"5":{"name":"(anonymous_5)","decl":{"start":{"line":43,"column":31},"end":{"line":43,"column":32}},"loc":{"start":{"line":43,"column":78},"end":{"line":48,"column":7}},"line":43},"6":{"name":"(anonymous_6)","decl":{"start":{"line":51,"column":33},"end":{"line":51,"column":34}},"loc":{"start":{"line":51,"column":44},"end":{"line":54,"column":7}},"line":51},"7":{"name":"(anonymous_7)","decl":{"start":{"line":55,"column":35},"end":{"line":55,"column":36}},"loc":{"start":{"line":55,"column":85},"end":{"line":60,"column":7}},"line":55},"8":{"name":"(anonymous_8)","decl":{"start":{"line":61,"column":34},"end":{"line":61,"column":35}},"loc":{"start":{"line":61,"column":81},"end":{"line":66,"column":7}},"line":61},"9":{"name":"(anonymous_9)","decl":{"start":{"line":69,"column":31},"end":{"line":69,"column":32}},"loc":{"start":{"line":69,"column":42},"end":{"line":72,"column":7}},"line":69},"10":{"name":"(anonymous_10)","decl":{"start":{"line":73,"column":33},"end":{"line":73,"column":34}},"loc":{"start":{"line":73,"column":44},"end":{"line":77,"column":7}},"line":73},"11":{"name":"(anonymous_11)","decl":{"start":{"line":80,"column":32},"end":{"line":80,"column":33}},"loc":{"start":{"line":80,"column":43},"end":{"line":83,"column":7}},"line":80},"12":{"name":"(anonymous_12)","decl":{"start":{"line":84,"column":34},"end":{"line":84,"column":35}},"loc":{"start":{"line":84,"column":84},"end":{"line":89,"column":7}},"line":84},"13":{"name":"(anonymous_13)","decl":{"start":{"line":90,"column":33},"end":{"line":90,"column":34}},"loc":{"start":{"line":90,"column":80},"end":{"line":95,"column":7}},"line":90},"14":{"name":"(anonymous_14)","decl":{"start":{"line":98,"column":33},"end":{"line":98,"column":34}},"loc":{"start":{"line":98,"column":44},"end":{"line":101,"column":7}},"line":98},"15":{"name":"(anonymous_15)","decl":{"start":{"line":102,"column":35},"end":{"line":102,"column":36}},"loc":{"start":{"line":102,"column":85},"end":{"line":106,"column":7}},"line":102},"16":{"name":"(anonymous_16)","decl":{"start":{"line":107,"column":34},"end":{"line":107,"column":35}},"loc":{"start":{"line":107,"column":81},"end":{"line":111,"column":7}},"line":107}},"branchMap":{"0":{"loc":{"start":{"line":47,"column":22},"end":{"line":47,"column":67}},"type":"binary-expr","locations":[{"start":{"line":47,"column":22},"end":{"line":47,"column":43}},{"start":{"line":47,"column":47},"end":{"line":47,"column":67}}],"line":47},"1":{"loc":{"start":{"line":65,"column":22},"end":{"line":65,"column":67}},"type":"binary-expr","locations":[{"start":{"line":65,"column":22},"end":{"line":65,"column":43}},{"start":{"line":65,"column":47},"end":{"line":65,"column":67}}],"line":65},"2":{"loc":{"start":{"line":94,"column":22},"end":{"line":94,"column":67}},"type":"binary-expr","locations":[{"start":{"line":94,"column":22},"end":{"line":94,"column":43}},{"start":{"line":94,"column":47},"end":{"line":94,"column":67}}],"line":94},"3":{"loc":{"start":{"line":110,"column":22},"end":{"line":110,"column":67}},"type":"binary-expr","locations":[{"start":{"line":110,"column":22},"end":{"line":110,"column":43}},{"start":{"line":110,"column":47},"end":{"line":110,"column":67}}],"line":110}},"s":{"0":1,"1":1,"2":1,"3":1,"4":1,"5":1,"6":1,"7":1,"8":1,"9":1,"10":1,"11":2,"12":2,"13":2,"14":2,"15":1,"16":1,"17":1,"18":1,"19":1,"20":1,"21":2,"22":2,"23":2,"24":2,"25":1,"26":1,"27":1,"28":1,"29":1,"30":1,"31":1,"32":1,"33":1,"34":1,"35":1,"36":2,"37":2,"38":2,"39":2,"40":1,"41":1,"42":1,"43":1,"44":1,"45":2,"46":2,"47":2,"48":1},"f":{"0":1,"1":1,"2":1,"3":1,"4":1,"5":2,"6":1,"7":1,"8":2,"9":1,"10":1,"11":1,"12":1,"13":2,"14":1,"15":1,"16":2},"b":{"0":[2,1],"1":[2,1],"2":[2,1],"3":[2,1]},"_coverageSchema":"1a1c01bbd47fc00a2c39e90264f33305004495a9","hash":"3f599f07caece569e9d9a7999b360cfd3077244e"}
,"D:\\Dev\\yndx-burger\\src\\utils\\axios.ts": {"path":"D:\\Dev\\yndx-burger\\src\\utils\\axios.ts","statementMap":{"0":{"start":{"line":2,"column":0},"end":{"line":2,"column":65}},"1":{"start":{"line":4,"column":24},"end":{"line":4,"column":38}},"2":{"start":{"line":6,"column":21},"end":{"line":16,"column":1}},"3":{"start":{"line":7,"column":2},"end":{"line":15,"column":3}},"4":{"start":{"line":8,"column":16},"end":{"line":8,"column":85}},"5":{"start":{"line":9,"column":4},"end":{"line":9,"column":34}},"6":{"start":{"line":9,"column":18},"end":{"line":9,"column":34}},"7":{"start":{"line":10,"column":4},"end":{"line":10,"column":60}},"8":{"start":{"line":12,"column":16},"end":{"line":12,"column":74}},"9":{"start":{"line":13,"column":4},"end":{"line":13,"column":50}},"10":{"start":{"line":13,"column":23},"end":{"line":13,"column":50}},"11":{"start":{"line":14,"column":4},"end":{"line":14,"column":45}},"12":{"start":{"line":18,"column":28},"end":{"line":26,"column":1}},"13":{"start":{"line":19,"column":14},"end":{"line":19,"column":94}},"14":{"start":{"line":20,"column":22},"end":{"line":20,"column":30}},"15":{"start":{"line":21,"column":2},"end":{"line":23,"column":3}},"16":{"start":{"line":22,"column":4},"end":{"line":22,"column":39}},"17":{"start":{"line":24,"column":2},"end":{"line":24,"column":65}},"18":{"start":{"line":25,"column":2},"end":{"line":25,"column":63}},"19":{"start":{"line":28,"column":30},"end":{"line":59,"column":1}},"20":{"start":{"line":29,"column":2},"end":{"line":58,"column":3}},"21":{"start":{"line":30,"column":4},"end":{"line":33,"column":7}},"22":{"start":{"line":31,"column":6},"end":{"line":31,"column":73}},"23":{"start":{"line":32,"column":6},"end":{"line":32,"column":20}},"24":{"start":{"line":34,"column":16},"end":{"line":34,"column":73}},"25":{"start":{"line":35,"column":4},"end":{"line":35,"column":34}},"26":{"start":{"line":35,"column":18},"end":{"line":35,"column":34}},"27":{"start":{"line":36,"column":4},"end":{"line":36,"column":60}},"28":{"start":{"line":38,"column":16},"end":{"line":38,"column":74}},"29":{"start":{"line":39,"column":4},"end":{"line":39,"column":52}},"30":{"start":{"line":39,"column":23},"end":{"line":39,"column":52}},"31":{"start":{"line":40,"column":4},"end":{"line":50,"column":5}},"32":{"start":{"line":41,"column":6},"end":{"line":41,"column":45}},"33":{"start":{"line":42,"column":6},"end":{"line":42,"column":27}},"34":{"start":{"line":43,"column":6},"end":{"line":46,"column":9}},"35":{"start":{"line":44,"column":8},"end":{"line":44,"column":75}},"36":{"start":{"line":45,"column":8},"end":{"line":45,"column":22}},"37":{"start":{"line":47,"column":18},"end":{"line":47,"column":75}},"38":{"start":{"line":48,"column":6},"end":{"line":48,"column":36}},"39":{"start":{"line":48,"column":20},"end":{"line":48,"column":36}},"40":{"start":{"line":49,"column":6},"end":{"line":49,"column":35}},"41":{"start":{"line":52,"column":4},"end":{"line":52,"column":43}},"42":{"start":{"line":53,"column":4},"end":{"line":53,"column":44}},"43":{"start":{"line":55,"column":4},"end":{"line":55,"column":45}},"44":{"start":{"line":57,"column":4},"end":{"line":57,"column":43}}},"fnMap":{"0":{"name":"(anonymous_0)","decl":{"start":{"line":6,"column":21},"end":{"line":6,"column":22}},"loc":{"start":{"line":6,"column":81},"end":{"line":16,"column":1}},"line":6},"1":{"name":"(anonymous_1)","decl":{"start":{"line":18,"column":28},"end":{"line":18,"column":29}},"loc":{"start":{"line":18,"column":40},"end":{"line":26,"column":1}},"line":18},"2":{"name":"(anonymous_2)","decl":{"start":{"line":28,"column":30},"end":{"line":28,"column":31}},"loc":{"start":{"line":28,"column":90},"end":{"line":59,"column":1}},"line":28},"3":{"name":"(anonymous_3)","decl":{"start":{"line":30,"column":38},"end":{"line":30,"column":39}},"loc":{"start":{"line":30,"column":50},"end":{"line":33,"column":5}},"line":30},"4":{"name":"(anonymous_4)","decl":{"start":{"line":43,"column":40},"end":{"line":43,"column":41}},"loc":{"start":{"line":43,"column":52},"end":{"line":46,"column":7}},"line":43}},"branchMap":{"0":{"loc":{"start":{"line":6,"column":44},"end":{"line":6,"column":66}},"type":"default-arg","locations":[{"start":{"line":6,"column":61},"end":{"line":6,"column":66}}],"line":6},"1":{"loc":{"start":{"line":8,"column":16},"end":{"line":8,"column":85}},"type":"cond-expr","locations":[{"start":{"line":8,"column":35},"end":{"line":8,"column":55}},{"start":{"line":8,"column":58},"end":{"line":8,"column":85}}],"line":8},"2":{"loc":{"start":{"line":9,"column":4},"end":{"line":9,"column":34}},"type":"if","locations":[{"start":{"line":9,"column":4},"end":{"line":9,"column":34}},{"start":{},"end":{}}],"line":9},"3":{"loc":{"start":{"line":13,"column":4},"end":{"line":13,"column":50}},"type":"if","locations":[{"start":{"line":13,"column":4},"end":{"line":13,"column":50}},{"start":{},"end":{}}],"line":13},"4":{"loc":{"start":{"line":21,"column":2},"end":{"line":23,"column":3}},"type":"if","locations":[{"start":{"line":21,"column":2},"end":{"line":23,"column":3}},{"start":{},"end":{}}],"line":21},"5":{"loc":{"start":{"line":28,"column":53},"end":{"line":28,"column":75}},"type":"default-arg","locations":[{"start":{"line":28,"column":70},"end":{"line":28,"column":75}}],"line":28},"6":{"loc":{"start":{"line":34,"column":36},"end":{"line":34,"column":72}},"type":"cond-expr","locations":[{"start":{"line":34,"column":43},"end":{"line":34,"column":59}},{"start":{"line":34,"column":62},"end":{"line":34,"column":72}}],"line":34},"7":{"loc":{"start":{"line":35,"column":4},"end":{"line":35,"column":34}},"type":"if","locations":[{"start":{"line":35,"column":4},"end":{"line":35,"column":34}},{"start":{},"end":{}}],"line":35},"8":{"loc":{"start":{"line":39,"column":4},"end":{"line":39,"column":52}},"type":"if","locations":[{"start":{"line":39,"column":4},"end":{"line":39,"column":52}},{"start":{},"end":{}}],"line":39},"9":{"loc":{"start":{"line":40,"column":4},"end":{"line":50,"column":5}},"type":"if","locations":[{"start":{"line":40,"column":4},"end":{"line":50,"column":5}},{"start":{},"end":{}}],"line":40},"10":{"loc":{"start":{"line":47,"column":38},"end":{"line":47,"column":74}},"type":"cond-expr","locations":[{"start":{"line":47,"column":45},"end":{"line":47,"column":61}},{"start":{"line":47,"column":64},"end":{"line":47,"column":74}}],"line":47},"11":{"loc":{"start":{"line":48,"column":6},"end":{"line":48,"column":36}},"type":"if","locations":[{"start":{"line":48,"column":6},"end":{"line":48,"column":36}},{"start":{},"end":{}}],"line":48}},"s":{"0":3,"1":3,"2":3,"3":0,"4":0,"5":0,"6":0,"7":0,"8":0,"9":0,"10":0,"11":0,"12":3,"13":0,"14":0,"15":0,"16":0,"17":0,"18":0,"19":3,"20":0,"21":0,"22":0,"23":0,"24":0,"25":0,"26":0,"27":0,"28":0,"29":0,"30":0,"31":0,"32":0,"33":0,"34":0,"35":0,"36":0,"37":0,"38":0,"39":0,"40":0,"41":0,"42":0,"43":0,"44":0},"f":{"0":0,"1":0,"2":0,"3":0,"4":0},"b":{"0":[0],"1":[0,0],"2":[0,0],"3":[0,0],"4":[0,0],"5":[0],"6":[0,0],"7":[0,0],"8":[0,0],"9":[0,0],"10":[0,0],"11":[0,0]},"_coverageSchema":"1a1c01bbd47fc00a2c39e90264f33305004495a9","hash":"e09634c2a5eb189767c84b778d8735b735da8a88"}
}
